{"/home/travis/build/npmtest/node-npmtest-enzyme/test.js":{"path":"/home/travis/build/npmtest/node-npmtest-enzyme/test.js","s":{"1":2,"2":2,"3":2,"4":2,"5":2,"6":2,"7":2,"8":1,"9":2,"10":2,"11":1,"12":1,"13":1,"14":1,"15":2,"16":2,"17":2,"18":2,"19":1,"20":1,"21":2,"22":2,"23":2,"24":1,"25":1,"26":1,"27":1,"28":1,"29":1,"30":1,"31":1,"32":1,"33":1,"34":1,"35":1,"36":1,"37":1,"38":1,"39":2,"40":2,"41":1,"42":2,"43":2,"44":1,"45":2,"46":2,"47":1,"48":2,"49":2,"50":1,"51":1,"52":1,"53":1,"54":1},"b":{"1":[2,1,1,1],"2":[1,1,1,1],"3":[1,1],"4":[1,1],"5":[1,1],"6":[1,1],"7":[1,1],"8":[1,1],"9":[1,1],"10":[1,1,1],"11":[1,1],"12":[1,1],"13":[1,1],"14":[1,1],"15":[1,1],"16":[1,1],"17":[1,1]},"f":{"1":2,"2":2,"3":2,"4":2,"5":2,"6":1,"7":1,"8":1,"9":2,"10":2,"11":2,"12":2,"13":1},"fnMap":{"1":{"name":"(anonymous_1)","line":12,"loc":{"start":{"line":12,"column":1},"end":{"line":12,"column":13}}},"2":{"name":"(anonymous_2)","line":19,"loc":{"start":{"line":19,"column":5},"end":{"line":19,"column":17}}},"3":{"name":"(anonymous_3)","line":23,"loc":{"start":{"line":23,"column":24},"end":{"line":23,"column":36}}},"4":{"name":"(anonymous_4)","line":61,"loc":{"start":{"line":61,"column":5},"end":{"line":61,"column":17}}},"5":{"name":"(anonymous_5)","line":82,"loc":{"start":{"line":82,"column":5},"end":{"line":82,"column":17}}},"6":{"name":"(anonymous_6)","line":91,"loc":{"start":{"line":91,"column":77},"end":{"line":94,"column":10}}},"7":{"name":"(anonymous_7)","line":112,"loc":{"start":{"line":112,"column":83},"end":{"line":115,"column":10}},"skip":true},"8":{"name":"(anonymous_8)","line":123,"loc":{"start":{"line":123,"column":77},"end":{"line":126,"column":10}},"skip":true},"9":{"name":"(anonymous_9)","line":139,"loc":{"start":{"line":139,"column":12},"end":{"line":139,"column":40}},"skip":true},"10":{"name":"(anonymous_10)","line":147,"loc":{"start":{"line":147,"column":77},"end":{"line":150,"column":10}},"skip":true},"11":{"name":"(anonymous_11)","line":158,"loc":{"start":{"line":158,"column":83},"end":{"line":161,"column":10}},"skip":true},"12":{"name":"(anonymous_12)","line":169,"loc":{"start":{"line":169,"column":79},"end":{"line":172,"column":10}},"skip":true},"13":{"name":"(anonymous_13)","line":180,"loc":{"start":{"line":180,"column":75},"end":{"line":183,"column":10}},"skip":true}},"statementMap":{"1":{"start":{"line":12,"column":0},"end":{"line":195,"column":5}},"2":{"start":{"line":14,"column":4},"end":{"line":14,"column":14}},"3":{"start":{"line":19,"column":4},"end":{"line":56,"column":9}},"4":{"start":{"line":21,"column":8},"end":{"line":21,"column":19}},"5":{"start":{"line":23,"column":8},"end":{"line":35,"column":13}},"6":{"start":{"line":24,"column":12},"end":{"line":34,"column":13}},"7":{"start":{"line":25,"column":16},"end":{"line":28,"column":30}},"8":{"start":{"line":30,"column":16},"end":{"line":33,"column":27}},"9":{"start":{"line":37,"column":8},"end":{"line":39,"column":21}},"10":{"start":{"line":40,"column":8},"end":{"line":53,"column":9}},"11":{"start":{"line":43,"column":12},"end":{"line":46,"column":14}},"12":{"start":{"line":47,"column":12},"end":{"line":47,"column":18}},"13":{"start":{"line":50,"column":12},"end":{"line":51,"column":46}},"14":{"start":{"line":52,"column":12},"end":{"line":52,"column":18}},"15":{"start":{"line":55,"column":8},"end":{"line":55,"column":35}},"16":{"start":{"line":61,"column":4},"end":{"line":63,"column":9}},"17":{"start":{"line":62,"column":8},"end":{"line":62,"column":15}},"18":{"start":{"line":64,"column":4},"end":{"line":77,"column":5}},"19":{"start":{"line":70,"column":8},"end":{"line":70,"column":14}},"20":{"start":{"line":76,"column":8},"end":{"line":76,"column":14}},"21":{"start":{"line":82,"column":4},"end":{"line":84,"column":9}},"22":{"start":{"line":83,"column":8},"end":{"line":83,"column":15}},"23":{"start":{"line":85,"column":4},"end":{"line":194,"column":5}},"24":{"start":{"line":91,"column":8},"end":{"line":99,"column":10}},"25":{"start":{"line":98,"column":12},"end":{"line":98,"column":35}},"26":{"start":{"line":102,"column":8},"end":{"line":104,"column":63}},"27":{"start":{"line":105,"column":8},"end":{"line":105,"column":14}},"28":{"start":{"line":112,"column":8},"end":{"line":121,"column":10},"skip":true},"29":{"start":{"line":119,"column":12},"end":{"line":119,"column":55},"skip":true},"30":{"start":{"line":120,"column":12},"end":{"line":120,"column":48},"skip":true},"31":{"start":{"line":123,"column":8},"end":{"line":136,"column":10},"skip":true},"32":{"start":{"line":130,"column":12},"end":{"line":130,"column":76},"skip":true},"33":{"start":{"line":131,"column":12},"end":{"line":131,"column":73},"skip":true},"34":{"start":{"line":132,"column":12},"end":{"line":132,"column":74},"skip":true},"35":{"start":{"line":133,"column":12},"end":{"line":133,"column":79},"skip":true},"36":{"start":{"line":134,"column":12},"end":{"line":134,"column":25},"skip":true},"37":{"start":{"line":135,"column":12},"end":{"line":135,"column":45},"skip":true},"38":{"start":{"line":138,"column":8},"end":{"line":145,"column":14},"skip":true},"39":{"start":{"line":143,"column":16},"end":{"line":143,"column":29},"skip":true},"40":{"start":{"line":144,"column":16},"end":{"line":144,"column":55},"skip":true},"41":{"start":{"line":147,"column":8},"end":{"line":156,"column":10},"skip":true},"42":{"start":{"line":154,"column":12},"end":{"line":154,"column":25},"skip":true},"43":{"start":{"line":155,"column":12},"end":{"line":155,"column":45},"skip":true},"44":{"start":{"line":158,"column":8},"end":{"line":167,"column":10},"skip":true},"45":{"start":{"line":165,"column":12},"end":{"line":165,"column":25},"skip":true},"46":{"start":{"line":166,"column":12},"end":{"line":166,"column":48},"skip":true},"47":{"start":{"line":169,"column":8},"end":{"line":178,"column":10},"skip":true},"48":{"start":{"line":176,"column":12},"end":{"line":176,"column":25},"skip":true},"49":{"start":{"line":177,"column":12},"end":{"line":177,"column":46},"skip":true},"50":{"start":{"line":180,"column":8},"end":{"line":189,"column":10},"skip":true},"51":{"start":{"line":187,"column":12},"end":{"line":187,"column":94},"skip":true},"52":{"start":{"line":188,"column":12},"end":{"line":188,"column":48},"skip":true},"53":{"start":{"line":192,"column":8},"end":{"line":192,"column":35},"skip":true},"54":{"start":{"line":193,"column":8},"end":{"line":193,"column":14},"skip":true}},"branchMap":{"1":{"line":25,"type":"binary-expr","locations":[{"start":{"line":25,"column":23},"end":{"line":25,"column":62}},{"start":{"line":26,"column":20},"end":{"line":26,"column":70}},{"start":{"line":27,"column":20},"end":{"line":27,"column":71}},{"start":{"line":28,"column":20},"end":{"line":28,"column":29}}]},"2":{"line":30,"type":"binary-expr","locations":[{"start":{"line":30,"column":23},"end":{"line":30,"column":37}},{"start":{"line":31,"column":20},"end":{"line":31,"column":61}},{"start":{"line":32,"column":20},"end":{"line":32,"column":70}},{"start":{"line":33,"column":20},"end":{"line":33,"column":26}}]},"3":{"line":37,"type":"cond-expr","locations":[{"start":{"line":38,"column":14},"end":{"line":38,"column":20}},{"start":{"line":39,"column":14},"end":{"line":39,"column":20}}]},"4":{"line":40,"type":"switch","locations":[{"start":{"line":42,"column":8},"end":{"line":47,"column":18}},{"start":{"line":49,"column":8},"end":{"line":52,"column":18}}]},"5":{"line":44,"type":"binary-expr","locations":[{"start":{"line":44,"column":16},"end":{"line":44,"column":44}},{"start":{"line":44,"column":48},"end":{"line":44,"column":66}}]},"6":{"line":50,"type":"binary-expr","locations":[{"start":{"line":50,"column":21},"end":{"line":50,"column":49}},{"start":{"line":50,"column":53},"end":{"line":50,"column":72}}]},"7":{"line":64,"type":"switch","locations":[{"start":{"line":69,"column":4},"end":{"line":70,"column":14}},{"start":{"line":75,"column":4},"end":{"line":76,"column":14}}]},"8":{"line":85,"type":"switch","locations":[{"start":{"line":90,"column":4},"end":{"line":105,"column":14}},{"start":{"line":111,"column":4},"end":{"line":193,"column":14},"skip":true}]},"9":{"line":91,"type":"binary-expr","locations":[{"start":{"line":91,"column":42},"end":{"line":91,"column":73}},{"start":{"line":91,"column":77},"end":{"line":99,"column":9}}]},"10":{"line":102,"type":"binary-expr","locations":[{"start":{"line":102,"column":18},"end":{"line":102,"column":32}},{"start":{"line":103,"column":12},"end":{"line":103,"column":53}},{"start":{"line":104,"column":12},"end":{"line":104,"column":61}}]},"11":{"line":112,"type":"binary-expr","locations":[{"start":{"line":112,"column":45},"end":{"line":112,"column":79},"skip":true},{"start":{"line":112,"column":83},"end":{"line":121,"column":9},"skip":true}]},"12":{"line":123,"type":"binary-expr","locations":[{"start":{"line":123,"column":42},"end":{"line":123,"column":73},"skip":true},{"start":{"line":123,"column":77},"end":{"line":136,"column":9},"skip":true}]},"13":{"line":138,"type":"binary-expr","locations":[{"start":{"line":138,"column":48},"end":{"line":138,"column":85},"skip":true},{"start":{"line":139,"column":12},"end":{"line":145,"column":13},"skip":true}]},"14":{"line":147,"type":"binary-expr","locations":[{"start":{"line":147,"column":42},"end":{"line":147,"column":73},"skip":true},{"start":{"line":147,"column":77},"end":{"line":156,"column":9},"skip":true}]},"15":{"line":158,"type":"binary-expr","locations":[{"start":{"line":158,"column":45},"end":{"line":158,"column":79},"skip":true},{"start":{"line":158,"column":83},"end":{"line":167,"column":9},"skip":true}]},"16":{"line":169,"type":"binary-expr","locations":[{"start":{"line":169,"column":43},"end":{"line":169,"column":75},"skip":true},{"start":{"line":169,"column":79},"end":{"line":178,"column":9},"skip":true}]},"17":{"line":180,"type":"binary-expr","locations":[{"start":{"line":180,"column":41},"end":{"line":180,"column":71},"skip":true},{"start":{"line":180,"column":75},"end":{"line":189,"column":9},"skip":true}]}},"code":["/* istanbul instrument in package npmtest_enzyme */","/*jslint","    bitwise: true,","    browser: true,","    maxerr: 8,","    maxlen: 96,","    node: true,","    nomen: true,","    regexp: true,","    stupid: true","*/","(function () {","    'use strict';","    var local;","","","","    // run shared js-env code - pre-init","    (function () {","        // init local","        local = {};","        // init modeJs","        local.modeJs = (function () {","            try {","                return typeof navigator.userAgent === 'string' &&","                    typeof document.querySelector('body') === 'object' &&","                    typeof XMLHttpRequest.prototype.open === 'function' &&","                    'browser';","            } catch (errorCaughtBrowser) {","                return module.exports &&","                    typeof process.versions.node === 'string' &&","                    typeof require('http').createServer === 'function' &&","                    'node';","            }","        }());","        // init global","        local.global = local.modeJs === 'browser'","            ? window","            : global;","        switch (local.modeJs) {","        // re-init local from window.local","        case 'browser':","            local = local.global.utility2.objectSetDefault(","                local.global.utility2_rollup || local.global.local,","                local.global.utility2","            );","            break;","        // re-init local from example.js","        case 'node':","            local = (local.global.utility2_rollup || require('utility2'))","                .requireExampleJsFromReadme();","            break;","        }","        // export local","        local.global.local = local;","    }());","","","","    // run shared js-env code - function","    (function () {","        return;","    }());","    switch (local.modeJs) {","","","","    // run browser js-env code - function","    case 'browser':","        break;","","","","    // run node js-env code - function","    case 'node':","        break;","    }","","","","    // run shared js-env code - post-init","    (function () {","        return;","    }());","    switch (local.modeJs) {","","","","    // run browser js-env code - post-init","    case 'browser':","        local.testCase_browser_nullCase = local.testCase_browser_nullCase || function (","            options,","            onError","        ) {","        /*","         * this function will test browsers's null-case handling-behavior-behavior","         */","            onError(null, options);","        };","","        // run tests","        local.nop(local.modeTest &&","            document.querySelector('#testRunButton1') &&","            document.querySelector('#testRunButton1').click());","        break;","","","","    // run node js-env code - post-init","    /* istanbul ignore next */","    case 'node':","        local.testCase_buildApidoc_default = local.testCase_buildApidoc_default || function (","            options,","            onError","        ) {","        /*","         * this function will test buildApidoc's default handling-behavior-behavior","         */","            options = { modulePathList: module.paths };","            local.buildApidoc(options, onError);","        };","","        local.testCase_buildApp_default = local.testCase_buildApp_default || function (","            options,","            onError","        ) {","        /*","         * this function will test buildApp's default handling-behavior-behavior","         */","            local.testCase_buildReadme_default(options, local.onErrorThrow);","            local.testCase_buildLib_default(options, local.onErrorThrow);","            local.testCase_buildTest_default(options, local.onErrorThrow);","            local.testCase_buildCustomOrg_default(options, local.onErrorThrow);","            options = [];","            local.buildApp(options, onError);","        };","","        local.testCase_buildCustomOrg_default = local.testCase_buildCustomOrg_default ||","            function (options, onError) {","            /*","             * this function will test buildCustomOrg's default handling-behavior","             */","                options = {};","                local.buildCustomOrg(options, onError);","            };","","        local.testCase_buildLib_default = local.testCase_buildLib_default || function (","            options,","            onError","        ) {","        /*","         * this function will test buildLib's default handling-behavior","         */","            options = {};","            local.buildLib(options, onError);","        };","","        local.testCase_buildReadme_default = local.testCase_buildReadme_default || function (","            options,","            onError","        ) {","        /*","         * this function will test buildReadme's default handling-behavior-behavior","         */","            options = {};","            local.buildReadme(options, onError);","        };","","        local.testCase_buildTest_default = local.testCase_buildTest_default || function (","            options,","            onError","        ) {","        /*","         * this function will test buildTest's default handling-behavior","         */","            options = {};","            local.buildTest(options, onError);","        };","","        local.testCase_webpage_default = local.testCase_webpage_default || function (","            options,","            onError","        ) {","        /*","         * this function will test webpage's default handling-behavior","         */","            options = { modeCoverageMerge: true, url: local.serverLocalHost + '?modeTest=1' };","            local.browserTest(options, onError);","        };","","        // run test-server","        local.testRunServer(local);","        break;","    }","}());",""],"l":{"12":2,"14":2,"19":2,"21":2,"23":2,"24":2,"25":2,"30":1,"37":2,"40":2,"43":1,"47":1,"50":1,"52":1,"55":2,"61":2,"62":2,"64":2,"70":1,"76":1,"82":2,"83":2,"85":2,"91":1,"98":1,"102":1,"105":1,"112":1,"119":1,"120":1,"123":1,"130":1,"131":1,"132":1,"133":1,"134":1,"135":1,"138":1,"143":2,"144":2,"147":1,"154":2,"155":2,"158":1,"165":2,"166":2,"169":1,"176":2,"177":2,"180":1,"187":1,"188":1,"192":1,"193":1}},"/home/travis/build/npmtest/node-npmtest-enzyme/lib.npmtest_enzyme.js":{"path":"/home/travis/build/npmtest/node-npmtest-enzyme/lib.npmtest_enzyme.js","s":{"1":2,"2":2,"3":2,"4":2,"5":2,"6":2,"7":2,"8":1,"9":2,"10":2,"11":2,"12":2,"13":1,"14":1,"15":1,"16":1},"b":{"1":[2,1,1,1],"2":[1,1,1,1],"3":[1,1],"4":[2,2],"5":[1,1]},"f":{"1":2,"2":2,"3":2},"fnMap":{"1":{"name":"(anonymous_1)","line":12,"loc":{"start":{"line":12,"column":1},"end":{"line":12,"column":13}}},"2":{"name":"(anonymous_2)","line":19,"loc":{"start":{"line":19,"column":5},"end":{"line":19,"column":17}}},"3":{"name":"(anonymous_3)","line":23,"loc":{"start":{"line":23,"column":24},"end":{"line":23,"column":36}}}},"statementMap":{"1":{"start":{"line":12,"column":0},"end":{"line":53,"column":5}},"2":{"start":{"line":14,"column":4},"end":{"line":14,"column":14}},"3":{"start":{"line":19,"column":4},"end":{"line":52,"column":9}},"4":{"start":{"line":21,"column":8},"end":{"line":21,"column":19}},"5":{"start":{"line":23,"column":8},"end":{"line":35,"column":13}},"6":{"start":{"line":24,"column":12},"end":{"line":34,"column":13}},"7":{"start":{"line":25,"column":16},"end":{"line":28,"column":30}},"8":{"start":{"line":30,"column":16},"end":{"line":33,"column":27}},"9":{"start":{"line":37,"column":8},"end":{"line":39,"column":21}},"10":{"start":{"line":41,"column":8},"end":{"line":41,"column":54}},"11":{"start":{"line":43,"column":8},"end":{"line":43,"column":51}},"12":{"start":{"line":45,"column":8},"end":{"line":51,"column":9}},"13":{"start":{"line":46,"column":12},"end":{"line":46,"column":57}},"14":{"start":{"line":48,"column":12},"end":{"line":48,"column":35}},"15":{"start":{"line":49,"column":12},"end":{"line":49,"column":49}},"16":{"start":{"line":50,"column":12},"end":{"line":50,"column":43}}},"branchMap":{"1":{"line":25,"type":"binary-expr","locations":[{"start":{"line":25,"column":23},"end":{"line":25,"column":62}},{"start":{"line":26,"column":20},"end":{"line":26,"column":70}},{"start":{"line":27,"column":20},"end":{"line":27,"column":71}},{"start":{"line":28,"column":20},"end":{"line":28,"column":29}}]},"2":{"line":30,"type":"binary-expr","locations":[{"start":{"line":30,"column":23},"end":{"line":30,"column":37}},{"start":{"line":31,"column":20},"end":{"line":31,"column":61}},{"start":{"line":32,"column":20},"end":{"line":32,"column":70}},{"start":{"line":33,"column":20},"end":{"line":33,"column":26}}]},"3":{"line":37,"type":"cond-expr","locations":[{"start":{"line":38,"column":14},"end":{"line":38,"column":20}},{"start":{"line":39,"column":14},"end":{"line":39,"column":20}}]},"4":{"line":41,"type":"binary-expr","locations":[{"start":{"line":41,"column":16},"end":{"line":41,"column":44}},{"start":{"line":41,"column":48},"end":{"line":41,"column":53}}]},"5":{"line":45,"type":"if","locations":[{"start":{"line":45,"column":8},"end":{"line":45,"column":8}},{"start":{"line":45,"column":8},"end":{"line":45,"column":8}}]}},"code":["/* istanbul instrument in package npmtest_enzyme */","/*jslint","    bitwise: true,","    browser: true,","    maxerr: 8,","    maxlen: 96,","    node: true,","    nomen: true,","    regexp: true,","    stupid: true","*/","(function () {","    'use strict';","    var local;","","","","    // run shared js-env code - pre-init","    (function () {","        // init local","        local = {};","        // init modeJs","        local.modeJs = (function () {","            try {","                return typeof navigator.userAgent === 'string' &&","                    typeof document.querySelector('body') === 'object' &&","                    typeof XMLHttpRequest.prototype.open === 'function' &&","                    'browser';","            } catch (errorCaughtBrowser) {","                return module.exports &&","                    typeof process.versions.node === 'string' &&","                    typeof require('http').createServer === 'function' &&","                    'node';","            }","        }());","        // init global","        local.global = local.modeJs === 'browser'","            ? window","            : global;","        // init utility2_rollup","        local = local.global.utility2_rollup || local;","        // init lib","        local.local = local.npmtest_enzyme = local;","        // init exports","        if (local.modeJs === 'browser') {","            local.global.utility2_npmtest_enzyme = local;","        } else {","            module.exports = local;","            module.exports.__dirname = __dirname;","            module.exports.module = module;","        }","    }());","}());",""],"l":{"12":2,"14":2,"19":2,"21":2,"23":2,"24":2,"25":2,"30":1,"37":2,"41":2,"43":2,"45":2,"46":1,"48":1,"49":1,"50":1}},"/home/travis/build/npmtest/node-npmtest-enzyme/example.js":{"path":"/home/travis/build/npmtest/node-npmtest-enzyme/example.js","s":{"1":2,"2":2,"3":2,"4":2,"5":2,"6":2,"7":2,"8":1,"9":2,"10":2,"11":2,"12":2,"13":1,"14":2,"15":2,"16":2,"17":2,"18":2,"19":0,"20":2,"21":1,"22":1,"23":1,"24":1,"25":1,"26":0,"27":0,"28":1,"29":1,"30":2,"31":0,"32":0,"33":0,"34":1,"35":2,"36":2,"37":3,"38":3,"39":3,"40":3,"41":0,"42":3,"43":3,"44":3,"45":1,"46":3,"47":1,"48":1,"49":1,"50":1,"51":1,"52":1,"53":1,"54":1,"55":1,"56":1,"57":0,"58":1,"59":6,"60":6,"61":1,"62":2,"63":0,"64":2,"65":1,"66":1,"67":0,"68":0,"69":0,"70":0,"71":0,"72":0,"73":0,"74":0,"75":0,"76":0,"77":0,"78":0,"79":0,"80":0,"81":0,"82":0,"83":0},"b":{"1":[2,1,1,1],"2":[1,1,1,1],"3":[1,1],"4":[2,2],"5":[1,1],"6":[1,1],"7":[2,0],"8":[2,1,1,1,1,1],"9":[0,2,0],"10":[1,1],"11":[2,1,1],"12":[1,0],"13":[0,2],"14":[2,0,0,0,0,0,0],"15":[0,3],"16":[3,0],"17":[1,1],"18":[0,1],"19":[1,2,0,2],"20":[1,0],"21":[1,1],"22":[0,0],"23":[0,0],"24":[0,0],"25":[0,0],"26":[0,0],"27":[0,0],"28":[0,0]},"f":{"1":2,"2":2,"3":2,"4":2,"5":2,"6":2,"7":3,"8":3,"9":3,"10":1,"11":6,"12":0},"fnMap":{"1":{"name":"(anonymous_1)","line":26,"loc":{"start":{"line":26,"column":1},"end":{"line":26,"column":13}}},"2":{"name":"(anonymous_2)","line":33,"loc":{"start":{"line":33,"column":5},"end":{"line":33,"column":17}}},"3":{"name":"(anonymous_3)","line":37,"loc":{"start":{"line":37,"column":24},"end":{"line":37,"column":36}}},"4":{"name":"(anonymous_4)","line":69,"loc":{"start":{"line":69,"column":31},"end":{"line":69,"column":48}},"skip":true},"5":{"name":"(anonymous_5)","line":78,"loc":{"start":{"line":78,"column":26},"end":{"line":78,"column":45}},"skip":true},"6":{"name":"(anonymous_6)","line":123,"loc":{"start":{"line":123,"column":33},"end":{"line":123,"column":48}},"skip":true},"7":{"name":"(anonymous_7)","line":125,"loc":{"start":{"line":125,"column":27},"end":{"line":125,"column":39}},"skip":true},"8":{"name":"(anonymous_8)","line":133,"loc":{"start":{"line":133,"column":59},"end":{"line":133,"column":74}},"skip":true},"9":{"name":"(anonymous_9)","line":143,"loc":{"start":{"line":143,"column":45},"end":{"line":143,"column":62}},"skip":true},"10":{"name":"(anonymous_10)","line":144,"loc":{"start":{"line":144,"column":73},"end":{"line":144,"column":92}},"skip":true},"11":{"name":"(anonymous_11)","line":272,"loc":{"start":{"line":272,"column":51},"end":{"line":272,"column":77}},"skip":true},"12":{"name":"(anonymous_12)","line":315,"loc":{"start":{"line":315,"column":32},"end":{"line":315,"column":61}},"skip":true}},"statementMap":{"1":{"start":{"line":26,"column":0},"end":{"line":326,"column":5}},"2":{"start":{"line":28,"column":4},"end":{"line":28,"column":14}},"3":{"start":{"line":33,"column":4},"end":{"line":60,"column":9}},"4":{"start":{"line":35,"column":8},"end":{"line":35,"column":19}},"5":{"start":{"line":37,"column":8},"end":{"line":49,"column":13}},"6":{"start":{"line":38,"column":12},"end":{"line":48,"column":13}},"7":{"start":{"line":39,"column":16},"end":{"line":42,"column":30}},"8":{"start":{"line":44,"column":16},"end":{"line":47,"column":27}},"9":{"start":{"line":51,"column":8},"end":{"line":53,"column":21}},"10":{"start":{"line":55,"column":8},"end":{"line":57,"column":45}},"11":{"start":{"line":59,"column":8},"end":{"line":59,"column":35}},"12":{"start":{"line":61,"column":4},"end":{"line":325,"column":5}},"13":{"start":{"line":69,"column":8},"end":{"line":121,"column":10},"skip":true},"14":{"start":{"line":70,"column":12},"end":{"line":88,"column":13},"skip":true},"15":{"start":{"line":76,"column":16},"end":{"line":87,"column":19},"skip":true},"16":{"start":{"line":79,"column":20},"end":{"line":86,"column":21},"skip":true},"17":{"start":{"line":82,"column":24},"end":{"line":82,"column":43},"skip":true},"18":{"start":{"line":83,"column":24},"end":{"line":83,"column":30},"skip":true},"19":{"start":{"line":85,"column":24},"end":{"line":85,"column":49},"skip":true},"20":{"start":{"line":89,"column":12},"end":{"line":107,"column":13},"skip":true},"21":{"start":{"line":92,"column":16},"end":{"line":102,"column":17},"skip":true},"22":{"start":{"line":93,"column":20},"end":{"line":93,"column":86},"skip":true},"23":{"start":{"line":94,"column":20},"end":{"line":95,"column":45},"skip":true},"24":{"start":{"line":96,"column":20},"end":{"line":96,"column":42},"skip":true},"25":{"start":{"line":97,"column":20},"end":{"line":97,"column":48},"skip":true},"26":{"start":{"line":100,"column":20},"end":{"line":100,"column":85},"skip":true},"27":{"start":{"line":101,"column":20},"end":{"line":101,"column":96},"skip":true},"28":{"start":{"line":103,"column":16},"end":{"line":103,"column":22},"skip":true},"29":{"start":{"line":106,"column":16},"end":{"line":106,"column":22},"skip":true},"30":{"start":{"line":108,"column":12},"end":{"line":120,"column":13},"skip":true},"31":{"start":{"line":114,"column":16},"end":{"line":119,"column":17},"skip":true},"32":{"start":{"line":116,"column":20},"end":{"line":116,"column":78},"skip":true},"33":{"start":{"line":118,"column":20},"end":{"line":118,"column":47},"skip":true},"34":{"start":{"line":123,"column":8},"end":{"line":141,"column":11},"skip":true},"35":{"start":{"line":124,"column":12},"end":{"line":124,"column":54},"skip":true},"36":{"start":{"line":125,"column":12},"end":{"line":140,"column":14},"skip":true},"37":{"start":{"line":126,"column":16},"end":{"line":126,"column":28},"skip":true},"38":{"start":{"line":127,"column":16},"end":{"line":127,"column":69},"skip":true},"39":{"start":{"line":128,"column":16},"end":{"line":128,"column":75},"skip":true},"40":{"start":{"line":129,"column":16},"end":{"line":131,"column":17},"skip":true},"41":{"start":{"line":130,"column":20},"end":{"line":130,"column":27},"skip":true},"42":{"start":{"line":133,"column":16},"end":{"line":137,"column":36},"skip":true},"43":{"start":{"line":134,"column":20},"end":{"line":136,"column":55},"skip":true},"44":{"start":{"line":139,"column":16},"end":{"line":139,"column":57},"skip":true},"45":{"start":{"line":143,"column":8},"end":{"line":147,"column":11},"skip":true},"46":{"start":{"line":144,"column":12},"end":{"line":146,"column":15},"skip":true},"47":{"start":{"line":145,"column":16},"end":{"line":145,"column":70},"skip":true},"48":{"start":{"line":149,"column":8},"end":{"line":149,"column":31},"skip":true},"49":{"start":{"line":150,"column":8},"end":{"line":150,"column":14},"skip":true},"50":{"start":{"line":158,"column":8},"end":{"line":158,"column":31},"skip":true},"51":{"start":{"line":160,"column":8},"end":{"line":160,"column":33},"skip":true},"52":{"start":{"line":161,"column":8},"end":{"line":161,"column":37},"skip":true},"53":{"start":{"line":162,"column":8},"end":{"line":162,"column":35},"skip":true},"54":{"start":{"line":164,"column":8},"end":{"line":164,"column":50},"skip":true},"55":{"start":{"line":166,"column":8},"end":{"line":256,"column":2},"skip":true},"56":{"start":{"line":258,"column":8},"end":{"line":286,"column":9},"skip":true},"57":{"start":{"line":259,"column":12},"end":{"line":269,"column":14},"skip":true},"58":{"start":{"line":271,"column":12},"end":{"line":285,"column":19},"skip":true},"59":{"start":{"line":274,"column":20},"end":{"line":274,"column":35},"skip":true},"60":{"start":{"line":275,"column":20},"end":{"line":284,"column":21},"skip":true},"61":{"start":{"line":277,"column":24},"end":{"line":277,"column":64},"skip":true},"62":{"start":{"line":279,"column":24},"end":{"line":279,"column":40},"skip":true},"63":{"start":{"line":281,"column":24},"end":{"line":281,"column":40},"skip":true},"64":{"start":{"line":283,"column":24},"end":{"line":283,"column":39},"skip":true},"65":{"start":{"line":288,"column":8},"end":{"line":290,"column":9},"skip":true},"66":{"start":{"line":289,"column":12},"end":{"line":289,"column":18},"skip":true},"67":{"start":{"line":291,"column":8},"end":{"line":293,"column":54},"skip":true},"68":{"start":{"line":296,"column":8},"end":{"line":301,"column":37},"skip":true},"69":{"start":{"line":303,"column":8},"end":{"line":303,"column":82},"skip":true},"70":{"start":{"line":306,"column":8},"end":{"line":308,"column":9},"skip":true},"71":{"start":{"line":307,"column":12},"end":{"line":307,"column":82},"skip":true},"72":{"start":{"line":310,"column":8},"end":{"line":312,"column":9},"skip":true},"73":{"start":{"line":311,"column":12},"end":{"line":311,"column":18},"skip":true},"74":{"start":{"line":313,"column":8},"end":{"line":313,"column":54},"skip":true},"75":{"start":{"line":314,"column":8},"end":{"line":314,"column":69},"skip":true},"76":{"start":{"line":315,"column":8},"end":{"line":323,"column":36},"skip":true},"77":{"start":{"line":316,"column":12},"end":{"line":316,"column":61},"skip":true},"78":{"start":{"line":317,"column":12},"end":{"line":320,"column":13},"skip":true},"79":{"start":{"line":318,"column":16},"end":{"line":318,"column":75},"skip":true},"80":{"start":{"line":319,"column":16},"end":{"line":319,"column":23},"skip":true},"81":{"start":{"line":321,"column":12},"end":{"line":321,"column":38},"skip":true},"82":{"start":{"line":322,"column":12},"end":{"line":322,"column":27},"skip":true},"83":{"start":{"line":324,"column":8},"end":{"line":324,"column":14},"skip":true}},"branchMap":{"1":{"line":39,"type":"binary-expr","locations":[{"start":{"line":39,"column":23},"end":{"line":39,"column":62}},{"start":{"line":40,"column":20},"end":{"line":40,"column":70}},{"start":{"line":41,"column":20},"end":{"line":41,"column":71}},{"start":{"line":42,"column":20},"end":{"line":42,"column":29}}]},"2":{"line":44,"type":"binary-expr","locations":[{"start":{"line":44,"column":23},"end":{"line":44,"column":37}},{"start":{"line":45,"column":20},"end":{"line":45,"column":61}},{"start":{"line":46,"column":20},"end":{"line":46,"column":70}},{"start":{"line":47,"column":20},"end":{"line":47,"column":26}}]},"3":{"line":51,"type":"cond-expr","locations":[{"start":{"line":52,"column":14},"end":{"line":52,"column":20}},{"start":{"line":53,"column":14},"end":{"line":53,"column":20}}]},"4":{"line":55,"type":"binary-expr","locations":[{"start":{"line":55,"column":16},"end":{"line":55,"column":44}},{"start":{"line":55,"column":49},"end":{"line":57,"column":43}}]},"5":{"line":55,"type":"cond-expr","locations":[{"start":{"line":56,"column":14},"end":{"line":56,"column":50}},{"start":{"line":57,"column":14},"end":{"line":57,"column":43}}]},"6":{"line":61,"type":"switch","locations":[{"start":{"line":68,"column":4},"end":{"line":150,"column":14},"skip":true},{"start":{"line":156,"column":4},"end":{"line":324,"column":14},"skip":true}]},"7":{"line":70,"type":"if","locations":[{"start":{"line":70,"column":12},"end":{"line":70,"column":12},"skip":true},{"start":{"line":70,"column":12},"end":{"line":70,"column":12},"skip":true}]},"8":{"line":70,"type":"binary-expr","locations":[{"start":{"line":70,"column":16},"end":{"line":70,"column":22},"skip":true},{"start":{"line":70,"column":27},"end":{"line":70,"column":32},"skip":true},{"start":{"line":71,"column":20},"end":{"line":71,"column":39},"skip":true},{"start":{"line":72,"column":20},"end":{"line":72,"column":49},"skip":true},{"start":{"line":73,"column":20},"end":{"line":73,"column":58},"skip":true},{"start":{"line":74,"column":20},"end":{"line":74,"column":69},"skip":true}]},"9":{"line":79,"type":"switch","locations":[{"start":{"line":80,"column":20},"end":{"line":80,"column":33},"skip":true},{"start":{"line":81,"column":20},"end":{"line":83,"column":30},"skip":true},{"start":{"line":84,"column":20},"end":{"line":85,"column":49},"skip":true}]},"10":{"line":89,"type":"switch","locations":[{"start":{"line":90,"column":12},"end":{"line":103,"column":22},"skip":true},{"start":{"line":105,"column":12},"end":{"line":106,"column":22},"skip":true}]},"11":{"line":89,"type":"binary-expr","locations":[{"start":{"line":89,"column":20},"end":{"line":89,"column":25},"skip":true},{"start":{"line":89,"column":29},"end":{"line":89,"column":48},"skip":true},{"start":{"line":89,"column":52},"end":{"line":89,"column":74},"skip":true}]},"12":{"line":92,"type":"if","locations":[{"start":{"line":92,"column":16},"end":{"line":92,"column":16},"skip":true},{"start":{"line":92,"column":16},"end":{"line":92,"column":16},"skip":true}]},"13":{"line":108,"type":"if","locations":[{"start":{"line":108,"column":12},"end":{"line":108,"column":12},"skip":true},{"start":{"line":108,"column":12},"end":{"line":108,"column":12},"skip":true}]},"14":{"line":108,"type":"binary-expr","locations":[{"start":{"line":108,"column":16},"end":{"line":108,"column":61},"skip":true},{"start":{"line":108,"column":66},"end":{"line":108,"column":72},"skip":true},{"start":{"line":108,"column":77},"end":{"line":108,"column":82},"skip":true},{"start":{"line":109,"column":20},"end":{"line":109,"column":39},"skip":true},{"start":{"line":110,"column":20},"end":{"line":110,"column":49},"skip":true},{"start":{"line":111,"column":20},"end":{"line":111,"column":58},"skip":true},{"start":{"line":112,"column":20},"end":{"line":112,"column":68},"skip":true}]},"15":{"line":129,"type":"if","locations":[{"start":{"line":129,"column":16},"end":{"line":129,"column":16},"skip":true},{"start":{"line":129,"column":16},"end":{"line":129,"column":16},"skip":true}]},"16":{"line":134,"type":"cond-expr","locations":[{"start":{"line":135,"column":26},"end":{"line":135,"column":29},"skip":true},{"start":{"line":136,"column":26},"end":{"line":136,"column":54},"skip":true}]},"17":{"line":164,"type":"binary-expr","locations":[{"start":{"line":164,"column":27},"end":{"line":164,"column":43},"skip":true},{"start":{"line":164,"column":47},"end":{"line":164,"column":49},"skip":true}]},"18":{"line":258,"type":"if","locations":[{"start":{"line":258,"column":8},"end":{"line":258,"column":8},"skip":true},{"start":{"line":258,"column":8},"end":{"line":258,"column":8},"skip":true}]},"19":{"line":275,"type":"switch","locations":[{"start":{"line":276,"column":20},"end":{"line":277,"column":64},"skip":true},{"start":{"line":278,"column":20},"end":{"line":279,"column":40},"skip":true},{"start":{"line":280,"column":20},"end":{"line":281,"column":40},"skip":true},{"start":{"line":282,"column":20},"end":{"line":283,"column":39},"skip":true}]},"20":{"line":288,"type":"if","locations":[{"start":{"line":288,"column":8},"end":{"line":288,"column":8},"skip":true},{"start":{"line":288,"column":8},"end":{"line":288,"column":8},"skip":true}]},"21":{"line":288,"type":"binary-expr","locations":[{"start":{"line":288,"column":12},"end":{"line":288,"column":40},"skip":true},{"start":{"line":288,"column":44},"end":{"line":288,"column":67},"skip":true}]},"22":{"line":292,"type":"binary-expr","locations":[{"start":{"line":292,"column":12},"end":{"line":292,"column":50},"skip":true},{"start":{"line":293,"column":12},"end":{"line":293,"column":53},"skip":true}]},"23":{"line":297,"type":"binary-expr","locations":[{"start":{"line":297,"column":12},"end":{"line":297,"column":64},"skip":true},{"start":{"line":298,"column":12},"end":{"line":301,"column":36},"skip":true}]},"24":{"line":303,"type":"binary-expr","locations":[{"start":{"line":303,"column":43},"end":{"line":303,"column":75},"skip":true},{"start":{"line":303,"column":79},"end":{"line":303,"column":81},"skip":true}]},"25":{"line":306,"type":"if","locations":[{"start":{"line":306,"column":8},"end":{"line":306,"column":8},"skip":true},{"start":{"line":306,"column":8},"end":{"line":306,"column":8},"skip":true}]},"26":{"line":310,"type":"if","locations":[{"start":{"line":310,"column":8},"end":{"line":310,"column":8},"skip":true},{"start":{"line":310,"column":8},"end":{"line":310,"column":8},"skip":true}]},"27":{"line":313,"type":"binary-expr","locations":[{"start":{"line":313,"column":27},"end":{"line":313,"column":43},"skip":true},{"start":{"line":313,"column":47},"end":{"line":313,"column":53},"skip":true}]},"28":{"line":317,"type":"if","locations":[{"start":{"line":317,"column":12},"end":{"line":317,"column":12},"skip":true},{"start":{"line":317,"column":12},"end":{"line":317,"column":12},"skip":true}]}},"code":["/*","example.js","","quickstart example","","instruction","    1. save this script as example.js","    2. run the shell command:","        $ npm install npmtest-enzyme && PORT=8081 node example.js","    3. play with the browser-demo on http://127.0.0.1:8081","*/","","","","/* istanbul instrument in package npmtest_enzyme */","/*jslint","    bitwise: true,","    browser: true,","    maxerr: 8,","    maxlen: 96,","    node: true,","    nomen: true,","    regexp: true,","    stupid: true","*/","(function () {","    'use strict';","    var local;","","","","    // run shared js-env code - pre-init","    (function () {","        // init local","        local = {};","        // init modeJs","        local.modeJs = (function () {","            try {","                return typeof navigator.userAgent === 'string' &&","                    typeof document.querySelector('body') === 'object' &&","                    typeof XMLHttpRequest.prototype.open === 'function' &&","                    'browser';","            } catch (errorCaughtBrowser) {","                return module.exports &&","                    typeof process.versions.node === 'string' &&","                    typeof require('http').createServer === 'function' &&","                    'node';","            }","        }());","        // init global","        local.global = local.modeJs === 'browser'","            ? window","            : global;","        // init utility2_rollup","        local = local.global.utility2_rollup || (local.modeJs === 'browser'","            ? local.global.utility2_npmtest_enzyme","            : global.utility2_moduleExports);","        // export local","        local.global.local = local;","    }());","    switch (local.modeJs) {","","","","    // post-init","    // run browser js-env code - post-init","    /* istanbul ignore next */","    case 'browser':","        local.testRunBrowser = function (event) {","            if (!event || (event &&","                    event.currentTarget &&","                    event.currentTarget.className &&","                    event.currentTarget.className.includes &&","                    event.currentTarget.className.includes('onreset'))) {","                // reset output","                Array.from(","                    document.querySelectorAll('body > .resettable')","                ).forEach(function (element) {","                    switch (element.tagName) {","                    case 'INPUT':","                    case 'TEXTAREA':","                        element.value = '';","                        break;","                    default:","                        element.textContent = '';","                    }","                });","            }","            switch (event && event.currentTarget && event.currentTarget.id) {","            case 'testRunButton1':","                // show tests","                if (document.querySelector('#testReportDiv1').style.display === 'none') {","                    document.querySelector('#testReportDiv1').style.display = 'block';","                    document.querySelector('#testRunButton1').textContent =","                        'hide internal test';","                    local.modeTest = true;","                    local.testRunDefault(local);","                // hide tests","                } else {","                    document.querySelector('#testReportDiv1').style.display = 'none';","                    document.querySelector('#testRunButton1').textContent = 'run internal test';","                }","                break;","            // custom-case","            default:","                break;","            }","            if (document.querySelector('#inputTextareaEval1') && (!event || (event &&","                    event.currentTarget &&","                    event.currentTarget.className &&","                    event.currentTarget.className.includes &&","                    event.currentTarget.className.includes('oneval')))) {","                // try to eval input-code","                try {","                    /*jslint evil: true*/","                    eval(document.querySelector('#inputTextareaEval1').value);","                } catch (errorCaught) {","                    console.error(errorCaught);","                }","            }","        };","        // log stderr and stdout to #outputTextareaStdout1","        ['error', 'log'].forEach(function (key) {","            console[key + '_original'] = console[key];","            console[key] = function () {","                var element;","                console[key + '_original'].apply(console, arguments);","                element = document.querySelector('#outputTextareaStdout1');","                if (!element) {","                    return;","                }","                // append text to #outputTextareaStdout1","                element.value += Array.from(arguments).map(function (arg) {","                    return typeof arg === 'string'","                        ? arg","                        : JSON.stringify(arg, null, 4);","                }).join(' ') + '\\n';","                // scroll textarea to bottom","                element.scrollTop = element.scrollHeight;","            };","        });","        // init event-handling","        ['change', 'click', 'keyup'].forEach(function (event) {","            Array.from(document.querySelectorAll('.on' + event)).forEach(function (element) {","                element.addEventListener(event, local.testRunBrowser);","            });","        });","        // run tests","        local.testRunBrowser();","        break;","","","","    // run node js-env code - post-init","    /* istanbul ignore next */","    case 'node':","        // export local","        module.exports = local;","        // require modules","        local.fs = require('fs');","        local.http = require('http');","        local.url = require('url');","        // init assets","        local.assetsDict = local.assetsDict || {};","        /* jslint-ignore-begin */","        local.assetsDict['/assets.index.template.html'] = '\\","<!doctype html>\\n\\","<html lang=\"en\">\\n\\","<head>\\n\\","<meta charset=\"UTF-8\">\\n\\","<meta name=\"viewport\" content=\"width=device-width, initial-scale=1\">\\n\\","<title>{{env.npm_package_name}} (v{{env.npm_package_version}})</title>\\n\\","<style>\\n\\","/*csslint\\n\\","    box-sizing: false,\\n\\","    universal-selector: false\\n\\","*/\\n\\","* {\\n\\","    box-sizing: border-box;\\n\\","}\\n\\","body {\\n\\","    background: #dde;\\n\\","    font-family: Arial, Helvetica, sans-serif;\\n\\","    margin: 2rem;\\n\\","}\\n\\","body > * {\\n\\","    margin-bottom: 1rem;\\n\\","}\\n\\",".utility2FooterDiv {\\n\\","    margin-top: 20px;\\n\\","    text-align: center;\\n\\","}\\n\\","</style>\\n\\","<style>\\n\\","/*csslint\\n\\","*/\\n\\","textarea {\\n\\","    font-family: monospace;\\n\\","    height: 10rem;\\n\\","    width: 100%;\\n\\","}\\n\\","textarea[readonly] {\\n\\","    background: #ddd;\\n\\","}\\n\\","</style>\\n\\","</head>\\n\\","<body>\\n\\","<!-- utility2-comment\\n\\","<div id=\"ajaxProgressDiv1\" style=\"background: #d00; height: 2px; left: 0; margin: 0; padding: 0; position: fixed; top: 0; transition: background 0.5s, width 1.5s; width: 25%;\"></div>\\n\\","utility2-comment -->\\n\\","<h1>\\n\\","<!-- utility2-comment\\n\\","    <a\\n\\","        {{#if env.npm_package_homepage}}\\n\\","        href=\"{{env.npm_package_homepage}}\"\\n\\","        {{/if env.npm_package_homepage}}\\n\\","        target=\"_blank\"\\n\\","    >\\n\\","utility2-comment -->\\n\\","        {{env.npm_package_name}} (v{{env.npm_package_version}})\\n\\","<!-- utility2-comment\\n\\","    </a>\\n\\","utility2-comment -->\\n\\","</h1>\\n\\","<h3>{{env.npm_package_description}}</h3>\\n\\","<!-- utility2-comment\\n\\","<h4><a download href=\"assets.app.js\">download standalone app</a></h4>\\n\\","<button class=\"onclick onreset\" id=\"testRunButton1\">run internal test</button><br>\\n\\","<div id=\"testReportDiv1\" style=\"display: none;\"></div>\\n\\","utility2-comment -->\\n\\","\\n\\","\\n\\","\\n\\","<label>stderr and stdout</label>\\n\\","<textarea class=\"resettable\" id=\"outputTextareaStdout1\" readonly></textarea>\\n\\","<!-- utility2-comment\\n\\","{{#if isRollup}}\\n\\","<script src=\"assets.app.js\"></script>\\n\\","{{#unless isRollup}}\\n\\","utility2-comment -->\\n\\","<script src=\"assets.utility2.rollup.js\"></script>\\n\\","<script src=\"jsonp.utility2._stateInit?callback=window.utility2._stateInit\"></script>\\n\\","<script src=\"assets.npmtest_enzyme.rollup.js\"></script>\\n\\","<script src=\"assets.example.js\"></script>\\n\\","<script src=\"assets.test.js\"></script>\\n\\","<!-- utility2-comment\\n\\","{{/if isRollup}}\\n\\","utility2-comment -->\\n\\","<div class=\"utility2FooterDiv\">\\n\\","    [ this app was created with\\n\\","    <a href=\"https://github.com/kaizhu256/node-utility2\" target=\"_blank\">utility2</a>\\n\\","    ]\\n\\","</div>\\n\\","</body>\\n\\","</html>\\n\\","';","        /* jslint-ignore-end */","        if (local.templateRender) {","            local.assetsDict['/'] = local.templateRender(","                local.assetsDict['/assets.index.template.html'],","                {","                    env: local.objectSetDefault(local.env, {","                        npm_package_description: 'the greatest app in the world!',","                        npm_package_name: 'my-app',","                        npm_package_nameAlias: 'my_app',","                        npm_package_version: '0.0.1'","                    })","                }","            );","        } else {","            local.assetsDict['/'] = local.assetsDict['/assets.index.template.html']","                .replace((/\\{\\{env\\.(\\w+?)\\}\\}/g), function (match0, match1) {","                    // jslint-hack","                    String(match0);","                    switch (match1) {","                    case 'npm_package_description':","                        return 'the greatest app in the world!';","                    case 'npm_package_name':","                        return 'my-app';","                    case 'npm_package_nameAlias':","                        return 'my_app';","                    case 'npm_package_version':","                        return '0.0.1';","                    }","                });","        }","        // run the cli","        if (local.global.utility2_rollup || module !== require.main) {","            break;","        }","        local.assetsDict['/assets.example.js'] =","            local.assetsDict['/assets.example.js'] ||","            local.fs.readFileSync(__filename, 'utf8');","        // bug-workaround - long $npm_package_buildCustomOrg","        /* jslint-ignore-begin */","        local.assetsDict['/assets.npmtest_enzyme.rollup.js'] =","            local.assetsDict['/assets.npmtest_enzyme.rollup.js'] ||","            local.fs.readFileSync(","                local.npmtest_enzyme.__dirname + '/lib.npmtest_enzyme.js',","                'utf8'","            ).replace((/^#!/), '//');","        /* jslint-ignore-end */","        local.assetsDict['/favicon.ico'] = local.assetsDict['/favicon.ico'] || '';","        // if $npm_config_timeout_exit exists,","        // then exit this process after $npm_config_timeout_exit ms","        if (Number(process.env.npm_config_timeout_exit)) {","            setTimeout(process.exit, Number(process.env.npm_config_timeout_exit));","        }","        // start server","        if (local.global.utility2_serverHttp1) {","            break;","        }","        process.env.PORT = process.env.PORT || '8081';","        console.error('server starting on port ' + process.env.PORT);","        local.http.createServer(function (request, response) {","            request.urlParsed = local.url.parse(request.url);","            if (local.assetsDict[request.urlParsed.pathname] !== undefined) {","                response.end(local.assetsDict[request.urlParsed.pathname]);","                return;","            }","            response.statusCode = 404;","            response.end();","        }).listen(process.env.PORT);","        break;","    }","}());",""],"l":{"26":2,"28":2,"33":2,"35":2,"37":2,"38":2,"39":2,"44":1,"51":2,"55":2,"59":2,"61":2,"69":1,"70":2,"76":2,"79":2,"82":2,"83":2,"85":1,"89":2,"92":1,"93":1,"94":1,"96":1,"97":1,"100":1,"101":1,"103":1,"106":1,"108":2,"114":1,"116":1,"118":1,"123":1,"124":2,"125":2,"126":3,"127":3,"128":3,"129":3,"130":1,"133":3,"134":3,"139":3,"143":1,"144":3,"145":1,"149":1,"150":1,"158":1,"160":1,"161":1,"162":1,"164":1,"166":1,"258":1,"259":1,"271":1,"274":6,"275":6,"277":1,"279":2,"281":1,"283":2,"288":1,"289":1,"291":1,"296":1,"303":1,"306":1,"307":1,"310":1,"311":1,"313":1,"314":1,"315":1,"316":1,"317":1,"318":1,"319":1,"321":1,"322":1,"324":1}},"/home/travis/build/npmtest/node-npmtest-enzyme/node_modules/enzyme/build/index.js":{"path":"/home/travis/build/npmtest/node-npmtest-enzyme/node_modules/enzyme/build/index.js","s":{"1":1,"2":1,"3":1,"4":1,"5":1,"6":1,"7":1,"8":1,"9":1,"10":1,"11":1,"12":1,"13":1,"14":5,"15":1,"16":1,"17":1,"18":1,"19":1},"b":{"1":[5,0],"2":[5,5]},"f":{"1":5},"fnMap":{"1":{"name":"_interopRequireDefault","line":26,"loc":{"start":{"line":26,"column":0},"end":{"line":26,"column":37}}}},"statementMap":{"1":{"start":{"line":1,"column":0},"end":{"line":3,"column":3}},"2":{"start":{"line":4,"column":0},"end":{"line":4,"column":109}},"3":{"start":{"line":6,"column":0},"end":{"line":6,"column":46}},"4":{"start":{"line":8,"column":0},"end":{"line":8,"column":59}},"5":{"start":{"line":10,"column":0},"end":{"line":10,"column":50}},"6":{"start":{"line":12,"column":0},"end":{"line":12,"column":63}},"7":{"start":{"line":14,"column":0},"end":{"line":14,"column":32}},"8":{"start":{"line":16,"column":0},"end":{"line":16,"column":45}},"9":{"start":{"line":18,"column":0},"end":{"line":18,"column":36}},"10":{"start":{"line":20,"column":0},"end":{"line":20,"column":49}},"11":{"start":{"line":22,"column":0},"end":{"line":22,"column":34}},"12":{"start":{"line":24,"column":0},"end":{"line":24,"column":47}},"13":{"start":{"line":26,"column":0},"end":{"line":26,"column":97}},"14":{"start":{"line":26,"column":39},"end":{"line":26,"column":95}},"15":{"start":{"line":28,"column":0},"end":{"line":28,"column":37}},"16":{"start":{"line":29,"column":0},"end":{"line":29,"column":39}},"17":{"start":{"line":30,"column":0},"end":{"line":30,"column":35}},"18":{"start":{"line":31,"column":0},"end":{"line":31,"column":53}},"19":{"start":{"line":32,"column":0},"end":{"line":32,"column":49}}},"branchMap":{"1":{"line":26,"type":"cond-expr","locations":[{"start":{"line":26,"column":70},"end":{"line":26,"column":73}},{"start":{"line":26,"column":76},"end":{"line":26,"column":94}}]},"2":{"line":26,"type":"binary-expr","locations":[{"start":{"line":26,"column":46},"end":{"line":26,"column":49}},{"start":{"line":26,"column":53},"end":{"line":26,"column":67}}]}},"code":["Object.defineProperty(exports, \"__esModule\", {","  value: true","});","exports.ReactWrapper = exports.ShallowWrapper = exports.mount = exports.shallow = exports.render = undefined;","","var _ReactWrapper = require('./ReactWrapper');","","var _ReactWrapper2 = _interopRequireDefault(_ReactWrapper);","","var _ShallowWrapper = require('./ShallowWrapper');","","var _ShallowWrapper2 = _interopRequireDefault(_ShallowWrapper);","","var _mount = require('./mount');","","var _mount2 = _interopRequireDefault(_mount);","","var _shallow = require('./shallow');","","var _shallow2 = _interopRequireDefault(_shallow);","","var _render = require('./render');","","var _render2 = _interopRequireDefault(_render);","","function _interopRequireDefault(obj) { return obj && obj.__esModule ? obj : { 'default': obj }; }","","exports.render = _render2['default'];","exports.shallow = _shallow2['default'];","exports.mount = _mount2['default'];","exports.ShallowWrapper = _ShallowWrapper2['default'];","exports.ReactWrapper = _ReactWrapper2['default'];"],"l":{"1":1,"4":1,"6":1,"8":1,"10":1,"12":1,"14":1,"16":1,"18":1,"20":1,"22":1,"24":1,"26":5,"28":1,"29":1,"30":1,"31":1,"32":1}},"/home/travis/build/npmtest/node-npmtest-enzyme/node_modules/enzyme/build/ReactWrapper.js":{"path":"/home/travis/build/npmtest/node-npmtest-enzyme/node_modules/enzyme/build/ReactWrapper.js","s":{"1":1,"2":1,"3":1,"4":1,"5":61,"6":61,"7":61,"8":61,"9":61,"10":61,"11":1,"12":1,"13":1,"14":1,"15":0,"16":1,"17":1,"18":1,"19":1,"20":1,"21":1,"22":1,"23":1,"24":1,"25":1,"26":1,"27":1,"28":1,"29":1,"30":1,"31":1,"32":1,"33":1,"34":1,"35":1,"36":1,"37":7,"38":1,"39":0,"40":0,"41":1,"42":0,"43":0,"44":0,"45":1,"46":0,"47":1,"48":1,"49":0,"50":0,"51":0,"52":0,"53":0,"54":0,"55":0,"56":0,"57":0,"58":0,"59":0,"60":0,"61":0,"62":0,"63":0,"64":0,"65":0,"66":0,"67":0,"68":0,"69":0,"70":0,"71":0,"72":1,"73":1,"74":0,"75":0,"76":0,"77":1,"78":1,"79":0,"80":1,"81":1,"82":0,"83":1,"84":1,"85":0,"86":0,"87":0,"88":1,"89":1,"90":0,"91":0,"92":0,"93":1,"94":1,"95":0,"96":0,"97":0,"98":0,"99":0,"100":0,"101":1,"102":1,"103":0,"104":0,"105":0,"106":0,"107":0,"108":0,"109":1,"110":1,"111":0,"112":0,"113":0,"114":0,"115":0,"116":0,"117":1,"118":1,"119":0,"120":0,"121":0,"122":0,"123":0,"124":1,"125":1,"126":0,"127":0,"128":0,"129":0,"130":0,"131":1,"132":1,"133":0,"134":0,"135":0,"136":0,"137":0,"138":0,"139":1,"140":1,"141":0,"142":0,"143":0,"144":0,"145":1,"146":1,"147":0,"148":0,"149":0,"150":0,"151":1,"152":1,"153":0,"154":1,"155":0,"156":0,"157":0,"158":0,"159":1,"160":1,"161":0,"162":1,"163":0,"164":0,"165":0,"166":0,"167":1,"168":0,"169":0,"170":0,"171":1,"172":1,"173":0,"174":0,"175":0,"176":1,"177":1,"178":0,"179":1,"180":1,"181":0,"182":0,"183":0,"184":1,"185":1,"186":0,"187":0,"188":0,"189":0,"190":1,"191":1,"192":0,"193":0,"194":0,"195":1,"196":1,"197":0,"198":0,"199":1,"200":1,"201":0,"202":0,"203":0,"204":1,"205":1,"206":0,"207":0,"208":1,"209":1,"210":0,"211":0,"212":0,"213":1,"214":1,"215":0,"216":0,"217":1,"218":1,"219":0,"220":0,"221":0,"222":0,"223":0,"224":0,"225":0,"226":0,"227":1,"228":1,"229":0,"230":1,"231":1,"232":0,"233":0,"234":0,"235":0,"236":0,"237":0,"238":0,"239":0,"240":1,"241":1,"242":0,"243":0,"244":0,"245":0,"246":0,"247":0,"248":0,"249":0,"250":1,"251":1,"252":0,"253":0,"254":0,"255":1,"256":1,"257":0,"258":0,"259":0,"260":1,"261":1,"262":0,"263":0,"264":0,"265":0,"266":1,"267":1,"268":0,"269":0,"270":1,"271":1,"272":0,"273":1,"274":1,"275":0,"276":1,"277":1,"278":0,"279":0,"280":1,"281":1,"282":0,"283":0,"284":1,"285":1,"286":0,"287":0,"288":1,"289":1,"290":0,"291":0,"292":0,"293":0,"294":1,"295":1,"296":0,"297":0,"298":0,"299":0,"300":1,"301":1,"302":0,"303":0,"304":0,"305":1,"306":1,"307":0,"308":0,"309":0,"310":1,"311":1,"312":0,"313":0,"314":0,"315":1,"316":1,"317":0,"318":1,"319":1,"320":0,"321":0,"322":0,"323":0,"324":1,"325":1,"326":0,"327":0,"328":0,"329":1,"330":1,"331":0,"332":0,"333":1,"334":1,"335":0,"336":0,"337":0,"338":1,"339":1,"340":0,"341":0,"342":0,"343":0,"344":0,"345":0,"346":0,"347":1,"348":1,"349":0,"350":0,"351":0,"352":1,"353":1,"354":0,"355":1,"356":1,"357":0,"358":1,"359":1,"360":0,"361":1,"362":1,"363":0,"364":1,"365":1,"366":0,"367":0,"368":1,"369":1,"370":0,"371":1,"372":1,"373":0,"374":0,"375":0,"376":0,"377":0,"378":1,"379":1,"380":0,"381":0,"382":0,"383":1,"384":1,"385":0,"386":1,"387":1,"388":0,"389":0,"390":1,"391":1,"392":0,"393":0,"394":0,"395":0,"396":0,"397":1,"398":1,"399":1,"400":1,"401":1,"402":0,"403":1,"404":1},"b":{"1":[61,61],"2":[61,0],"3":[1,0],"4":[0,1],"5":[2,5],"6":[7,7],"7":[0,0],"8":[0,0],"9":[0,0],"10":[0,0],"11":[0,0],"12":[0,0],"13":[0,0],"14":[0,0],"15":[0,0],"16":[0,0],"17":[0,0],"18":[0,0],"19":[0,0],"20":[0,0],"21":[0,0],"22":[0,0],"23":[0,0],"24":[0,0],"25":[0,0],"26":[0,0],"27":[0,0],"28":[0,0],"29":[0,0],"30":[0,0],"31":[0,0],"32":[0,0],"33":[0,0],"34":[0,0],"35":[0,0],"36":[0,0],"37":[0,0],"38":[0,0],"39":[0,0],"40":[0,0],"41":[0,0],"42":[0,0],"43":[0,0],"44":[0,0],"45":[0,0],"46":[0,0],"47":[0,0],"48":[0,0],"49":[0,0],"50":[0,0],"51":[0,0],"52":[0,0],"53":[0,0],"54":[0,0],"55":[1,0]},"f":{"1":1,"2":1,"3":1,"4":7,"5":0,"6":0,"7":0,"8":0,"9":1,"10":0,"11":1,"12":0,"13":1,"14":0,"15":1,"16":0,"17":1,"18":0,"19":1,"20":0,"21":1,"22":0,"23":0,"24":1,"25":0,"26":0,"27":1,"28":0,"29":0,"30":1,"31":0,"32":1,"33":0,"34":1,"35":0,"36":1,"37":0,"38":0,"39":0,"40":1,"41":0,"42":0,"43":0,"44":1,"45":0,"46":0,"47":0,"48":0,"49":1,"50":0,"51":0,"52":0,"53":0,"54":0,"55":0,"56":1,"57":0,"58":0,"59":1,"60":0,"61":1,"62":0,"63":0,"64":1,"65":0,"66":0,"67":1,"68":0,"69":0,"70":1,"71":0,"72":1,"73":0,"74":0,"75":1,"76":0,"77":0,"78":1,"79":0,"80":0,"81":1,"82":0,"83":1,"84":0,"85":0,"86":1,"87":0,"88":1,"89":0,"90":0,"91":1,"92":0,"93":0,"94":1,"95":0,"96":0,"97":1,"98":0,"99":0,"100":1,"101":0,"102":0,"103":1,"104":0,"105":0,"106":1,"107":0,"108":1,"109":0,"110":1,"111":0,"112":0,"113":1,"114":0,"115":0,"116":1,"117":0,"118":0,"119":1,"120":0,"121":0,"122":1,"123":0,"124":0,"125":1,"126":0,"127":0,"128":1,"129":0,"130":0,"131":1,"132":0,"133":0,"134":1,"135":0,"136":1,"137":0,"138":1,"139":0,"140":0,"141":1,"142":0,"143":1,"144":0,"145":0,"146":1,"147":0,"148":0,"149":1,"150":0,"151":0,"152":1,"153":0,"154":1,"155":0,"156":1,"157":0,"158":1,"159":0,"160":1,"161":0,"162":1,"163":0,"164":1,"165":0,"166":1,"167":0,"168":1,"169":0,"170":1,"171":0,"172":1,"173":0,"174":1,"175":0},"fnMap":{"1":{"name":"(anonymous_1)","line":5,"loc":{"start":{"line":5,"column":19},"end":{"line":5,"column":31}}},"2":{"name":"defineProperties","line":5,"loc":{"start":{"line":5,"column":33},"end":{"line":5,"column":74}}},"3":{"name":"(anonymous_3)","line":5,"loc":{"start":{"line":5,"column":357},"end":{"line":5,"column":405}}},"4":{"name":"_interopRequireDefault","line":45,"loc":{"start":{"line":45,"column":0},"end":{"line":45,"column":37}}},"5":{"name":"_classCallCheck","line":47,"loc":{"start":{"line":47,"column":0},"end":{"line":47,"column":48}}},"6":{"name":"findWhereUnwrapped","line":58,"loc":{"start":{"line":58,"column":0},"end":{"line":58,"column":48}}},"7":{"name":"(anonymous_7)","line":61,"loc":{"start":{"line":61,"column":25},"end":{"line":61,"column":38}}},"8":{"name":"filterWhereUnwrapped","line":74,"loc":{"start":{"line":74,"column":0},"end":{"line":74,"column":50}}},"9":{"name":"(anonymous_9)","line":82,"loc":{"start":{"line":82,"column":19},"end":{"line":82,"column":31}}},"10":{"name":"ReactWrapper","line":83,"loc":{"start":{"line":83,"column":2},"end":{"line":83,"column":37}}},"11":{"name":"(anonymous_11)","line":130,"loc":{"start":{"line":130,"column":11},"end":{"line":130,"column":23}}},"12":{"name":"getNode","line":131,"loc":{"start":{"line":131,"column":6},"end":{"line":131,"column":25}}},"13":{"name":"(anonymous_13)","line":149,"loc":{"start":{"line":149,"column":11},"end":{"line":149,"column":23}}},"14":{"name":"getNodes","line":150,"loc":{"start":{"line":150,"column":6},"end":{"line":150,"column":26}}},"15":{"name":"(anonymous_15)","line":167,"loc":{"start":{"line":167,"column":11},"end":{"line":167,"column":23}}},"16":{"name":"getDOMNode","line":168,"loc":{"start":{"line":168,"column":6},"end":{"line":168,"column":28}}},"17":{"name":"(anonymous_17)","line":187,"loc":{"start":{"line":187,"column":11},"end":{"line":187,"column":23}}},"18":{"name":"ref","line":188,"loc":{"start":{"line":188,"column":6},"end":{"line":188,"column":28}}},"19":{"name":"(anonymous_19)","line":214,"loc":{"start":{"line":214,"column":11},"end":{"line":214,"column":23}}},"20":{"name":"instance","line":215,"loc":{"start":{"line":215,"column":6},"end":{"line":215,"column":26}}},"21":{"name":"(anonymous_21)","line":236,"loc":{"start":{"line":236,"column":11},"end":{"line":236,"column":23}}},"22":{"name":"update","line":237,"loc":{"start":{"line":237,"column":6},"end":{"line":237,"column":24}}},"23":{"name":"(anonymous_23)","line":244,"loc":{"start":{"line":244,"column":30},"end":{"line":244,"column":42}}},"24":{"name":"(anonymous_24)","line":262,"loc":{"start":{"line":262,"column":11},"end":{"line":262,"column":23}}},"25":{"name":"unmount","line":263,"loc":{"start":{"line":263,"column":6},"end":{"line":263,"column":25}}},"26":{"name":"(anonymous_26)","line":269,"loc":{"start":{"line":269,"column":31},"end":{"line":269,"column":43}}},"27":{"name":"(anonymous_27)","line":287,"loc":{"start":{"line":287,"column":11},"end":{"line":287,"column":23}}},"28":{"name":"mount","line":288,"loc":{"start":{"line":288,"column":6},"end":{"line":288,"column":23}}},"29":{"name":"(anonymous_29)","line":294,"loc":{"start":{"line":294,"column":29},"end":{"line":294,"column":41}}},"30":{"name":"(anonymous_30)","line":320,"loc":{"start":{"line":320,"column":11},"end":{"line":320,"column":23}}},"31":{"name":"setProps","line":321,"loc":{"start":{"line":321,"column":6},"end":{"line":321,"column":31}}},"32":{"name":"(anonymous_32)","line":350,"loc":{"start":{"line":350,"column":11},"end":{"line":350,"column":23}}},"33":{"name":"setState","line":351,"loc":{"start":{"line":351,"column":6},"end":{"line":351,"column":31}}},"34":{"name":"(anonymous_34)","line":376,"loc":{"start":{"line":376,"column":11},"end":{"line":376,"column":23}}},"35":{"name":"setContext","line":377,"loc":{"start":{"line":377,"column":6},"end":{"line":377,"column":35}}},"36":{"name":"(anonymous_36)","line":410,"loc":{"start":{"line":410,"column":11},"end":{"line":410,"column":23}}},"37":{"name":"matchesElement","line":411,"loc":{"start":{"line":411,"column":6},"end":{"line":411,"column":36}}},"38":{"name":"(anonymous_38)","line":414,"loc":{"start":{"line":414,"column":45},"end":{"line":414,"column":57}}},"39":{"name":"(anonymous_39)","line":415,"loc":{"start":{"line":415,"column":76},"end":{"line":415,"column":92}}},"40":{"name":"(anonymous_40)","line":439,"loc":{"start":{"line":439,"column":11},"end":{"line":439,"column":23}}},"41":{"name":"contains","line":440,"loc":{"start":{"line":440,"column":6},"end":{"line":440,"column":37}}},"42":{"name":"(anonymous_42)","line":441,"loc":{"start":{"line":441,"column":53},"end":{"line":441,"column":70}}},"43":{"name":"(anonymous_43)","line":443,"loc":{"start":{"line":443,"column":12},"end":{"line":443,"column":29}}},"44":{"name":"(anonymous_44)","line":471,"loc":{"start":{"line":471,"column":11},"end":{"line":471,"column":23}}},"45":{"name":"containsMatchingElement","line":472,"loc":{"start":{"line":472,"column":6},"end":{"line":472,"column":45}}},"46":{"name":"(anonymous_46)","line":473,"loc":{"start":{"line":473,"column":24},"end":{"line":473,"column":36}}},"47":{"name":"predicate","line":474,"loc":{"start":{"line":474,"column":10},"end":{"line":474,"column":36}}},"48":{"name":"(anonymous_48)","line":475,"loc":{"start":{"line":475,"column":67},"end":{"line":475,"column":83}}},"49":{"name":"(anonymous_49)","line":509,"loc":{"start":{"line":509,"column":11},"end":{"line":509,"column":23}}},"50":{"name":"containsAllMatchingElements","line":510,"loc":{"start":{"line":510,"column":6},"end":{"line":510,"column":50}}},"51":{"name":"(anonymous_51)","line":511,"loc":{"start":{"line":511,"column":29},"end":{"line":511,"column":41}}},"52":{"name":"invertedEquals","line":512,"loc":{"start":{"line":512,"column":10},"end":{"line":512,"column":42}}},"53":{"name":"(anonymous_53)","line":513,"loc":{"start":{"line":513,"column":62},"end":{"line":513,"column":78}}},"54":{"name":"(anonymous_54)","line":520,"loc":{"start":{"line":520,"column":24},"end":{"line":520,"column":36}}},"55":{"name":"predicate","line":521,"loc":{"start":{"line":521,"column":10},"end":{"line":521,"column":36}}},"56":{"name":"(anonymous_56)","line":554,"loc":{"start":{"line":554,"column":11},"end":{"line":554,"column":23}}},"57":{"name":"containsAnyMatchingElements","line":555,"loc":{"start":{"line":555,"column":6},"end":{"line":555,"column":50}}},"58":{"name":"(anonymous_58)","line":558,"loc":{"start":{"line":558,"column":50},"end":{"line":558,"column":66}}},"59":{"name":"(anonymous_59)","line":575,"loc":{"start":{"line":575,"column":11},"end":{"line":575,"column":23}}},"60":{"name":"find","line":576,"loc":{"start":{"line":576,"column":6},"end":{"line":576,"column":30}}},"61":{"name":"(anonymous_61)","line":594,"loc":{"start":{"line":594,"column":11},"end":{"line":594,"column":23}}},"62":{"name":"is","line":595,"loc":{"start":{"line":595,"column":6},"end":{"line":595,"column":28}}},"63":{"name":"(anonymous_63)","line":597,"loc":{"start":{"line":597,"column":33},"end":{"line":597,"column":46}}},"64":{"name":"(anonymous_64)","line":613,"loc":{"start":{"line":613,"column":11},"end":{"line":613,"column":23}}},"65":{"name":"isEmptyRender","line":614,"loc":{"start":{"line":614,"column":6},"end":{"line":614,"column":31}}},"66":{"name":"(anonymous_66)","line":615,"loc":{"start":{"line":615,"column":44},"end":{"line":615,"column":57}}},"67":{"name":"(anonymous_67)","line":640,"loc":{"start":{"line":640,"column":11},"end":{"line":640,"column":23}}},"68":{"name":"filterWhere","line":641,"loc":{"start":{"line":641,"column":6},"end":{"line":641,"column":38}}},"69":{"name":"(anonymous_69)","line":644,"loc":{"start":{"line":644,"column":42},"end":{"line":644,"column":55}}},"70":{"name":"(anonymous_70)","line":662,"loc":{"start":{"line":662,"column":11},"end":{"line":662,"column":23}}},"71":{"name":"filter","line":663,"loc":{"start":{"line":663,"column":6},"end":{"line":663,"column":32}}},"72":{"name":"(anonymous_72)","line":681,"loc":{"start":{"line":681,"column":11},"end":{"line":681,"column":23}}},"73":{"name":"not","line":682,"loc":{"start":{"line":682,"column":6},"end":{"line":682,"column":29}}},"74":{"name":"(anonymous_74)","line":684,"loc":{"start":{"line":684,"column":42},"end":{"line":684,"column":55}}},"75":{"name":"(anonymous_75)","line":704,"loc":{"start":{"line":704,"column":11},"end":{"line":704,"column":23}}},"76":{"name":"text","line":705,"loc":{"start":{"line":705,"column":6},"end":{"line":705,"column":22}}},"77":{"name":"(anonymous_77)","line":706,"loc":{"start":{"line":706,"column":35},"end":{"line":706,"column":48}}},"78":{"name":"(anonymous_78)","line":724,"loc":{"start":{"line":724,"column":11},"end":{"line":724,"column":23}}},"79":{"name":"html","line":725,"loc":{"start":{"line":725,"column":6},"end":{"line":725,"column":22}}},"80":{"name":"(anonymous_80)","line":726,"loc":{"start":{"line":726,"column":35},"end":{"line":726,"column":48}}},"81":{"name":"(anonymous_81)","line":745,"loc":{"start":{"line":745,"column":11},"end":{"line":745,"column":23}}},"82":{"name":"render","line":746,"loc":{"start":{"line":746,"column":6},"end":{"line":746,"column":24}}},"83":{"name":"(anonymous_83)","line":765,"loc":{"start":{"line":765,"column":11},"end":{"line":765,"column":23}}},"84":{"name":"simulate","line":766,"loc":{"start":{"line":766,"column":6},"end":{"line":766,"column":31}}},"85":{"name":"(anonymous_85)","line":769,"loc":{"start":{"line":769,"column":32},"end":{"line":769,"column":45}}},"86":{"name":"(anonymous_86)","line":794,"loc":{"start":{"line":794,"column":11},"end":{"line":794,"column":23}}},"87":{"name":"props","line":795,"loc":{"start":{"line":795,"column":6},"end":{"line":795,"column":23}}},"88":{"name":"(anonymous_88)","line":814,"loc":{"start":{"line":814,"column":11},"end":{"line":814,"column":23}}},"89":{"name":"state","line":815,"loc":{"start":{"line":815,"column":6},"end":{"line":815,"column":27}}},"90":{"name":"(anonymous_90)","line":821,"loc":{"start":{"line":821,"column":42},"end":{"line":821,"column":54}}},"91":{"name":"(anonymous_91)","line":845,"loc":{"start":{"line":845,"column":11},"end":{"line":845,"column":23}}},"92":{"name":"context","line":846,"loc":{"start":{"line":846,"column":6},"end":{"line":846,"column":29}}},"93":{"name":"(anonymous_93)","line":852,"loc":{"start":{"line":852,"column":46},"end":{"line":852,"column":58}}},"94":{"name":"(anonymous_94)","line":873,"loc":{"start":{"line":873,"column":11},"end":{"line":873,"column":23}}},"95":{"name":"children","line":874,"loc":{"start":{"line":874,"column":6},"end":{"line":874,"column":34}}},"96":{"name":"(anonymous_96)","line":875,"loc":{"start":{"line":875,"column":39},"end":{"line":875,"column":52}}},"97":{"name":"(anonymous_97)","line":893,"loc":{"start":{"line":893,"column":11},"end":{"line":893,"column":23}}},"98":{"name":"childAt","line":894,"loc":{"start":{"line":894,"column":6},"end":{"line":894,"column":30}}},"99":{"name":"(anonymous_99)","line":897,"loc":{"start":{"line":897,"column":38},"end":{"line":897,"column":50}}},"100":{"name":"(anonymous_100)","line":917,"loc":{"start":{"line":917,"column":11},"end":{"line":917,"column":23}}},"101":{"name":"parents","line":918,"loc":{"start":{"line":918,"column":6},"end":{"line":918,"column":33}}},"102":{"name":"(anonymous_102)","line":921,"loc":{"start":{"line":921,"column":58},"end":{"line":921,"column":71}}},"103":{"name":"(anonymous_103)","line":938,"loc":{"start":{"line":938,"column":11},"end":{"line":938,"column":23}}},"104":{"name":"parent","line":939,"loc":{"start":{"line":939,"column":6},"end":{"line":939,"column":24}}},"105":{"name":"(anonymous_105)","line":940,"loc":{"start":{"line":940,"column":28},"end":{"line":940,"column":41}}},"106":{"name":"(anonymous_106)","line":956,"loc":{"start":{"line":956,"column":11},"end":{"line":956,"column":23}}},"107":{"name":"closest","line":957,"loc":{"start":{"line":957,"column":6},"end":{"line":957,"column":33}}},"108":{"name":"(anonymous_108)","line":973,"loc":{"start":{"line":973,"column":11},"end":{"line":973,"column":23}}},"109":{"name":"prop","line":974,"loc":{"start":{"line":974,"column":6},"end":{"line":974,"column":30}}},"110":{"name":"(anonymous_110)","line":989,"loc":{"start":{"line":989,"column":11},"end":{"line":989,"column":23}}},"111":{"name":"key","line":990,"loc":{"start":{"line":990,"column":6},"end":{"line":990,"column":21}}},"112":{"name":"(anonymous_112)","line":991,"loc":{"start":{"line":991,"column":34},"end":{"line":991,"column":47}}},"113":{"name":"(anonymous_113)","line":1008,"loc":{"start":{"line":1008,"column":11},"end":{"line":1008,"column":23}}},"114":{"name":"type","line":1009,"loc":{"start":{"line":1009,"column":6},"end":{"line":1009,"column":22}}},"115":{"name":"(anonymous_115)","line":1010,"loc":{"start":{"line":1010,"column":35},"end":{"line":1010,"column":48}}},"116":{"name":"(anonymous_116)","line":1028,"loc":{"start":{"line":1028,"column":11},"end":{"line":1028,"column":23}}},"117":{"name":"name","line":1029,"loc":{"start":{"line":1029,"column":6},"end":{"line":1029,"column":22}}},"118":{"name":"(anonymous_118)","line":1030,"loc":{"start":{"line":1030,"column":35},"end":{"line":1030,"column":48}}},"119":{"name":"(anonymous_119)","line":1049,"loc":{"start":{"line":1049,"column":11},"end":{"line":1049,"column":23}}},"120":{"name":"hasClass","line":1050,"loc":{"start":{"line":1050,"column":6},"end":{"line":1050,"column":35}}},"121":{"name":"(anonymous_121)","line":1055,"loc":{"start":{"line":1055,"column":39},"end":{"line":1055,"column":52}}},"122":{"name":"(anonymous_122)","line":1073,"loc":{"start":{"line":1073,"column":11},"end":{"line":1073,"column":23}}},"123":{"name":"forEach","line":1074,"loc":{"start":{"line":1074,"column":6},"end":{"line":1074,"column":27}}},"124":{"name":"(anonymous_124)","line":1077,"loc":{"start":{"line":1077,"column":32},"end":{"line":1077,"column":48}}},"125":{"name":"(anonymous_125)","line":1096,"loc":{"start":{"line":1096,"column":11},"end":{"line":1096,"column":23}}},"126":{"name":"map","line":1097,"loc":{"start":{"line":1097,"column":6},"end":{"line":1097,"column":23}}},"127":{"name":"(anonymous_127)","line":1100,"loc":{"start":{"line":1100,"column":35},"end":{"line":1100,"column":51}}},"128":{"name":"(anonymous_128)","line":1119,"loc":{"start":{"line":1119,"column":11},"end":{"line":1119,"column":23}}},"129":{"name":"reduce","line":1120,"loc":{"start":{"line":1120,"column":6},"end":{"line":1120,"column":40}}},"130":{"name":"(anonymous_130)","line":1123,"loc":{"start":{"line":1123,"column":38},"end":{"line":1123,"column":61}}},"131":{"name":"(anonymous_131)","line":1142,"loc":{"start":{"line":1142,"column":11},"end":{"line":1142,"column":23}}},"132":{"name":"reduceRight","line":1143,"loc":{"start":{"line":1143,"column":6},"end":{"line":1143,"column":45}}},"133":{"name":"(anonymous_133)","line":1146,"loc":{"start":{"line":1146,"column":43},"end":{"line":1146,"column":66}}},"134":{"name":"(anonymous_134)","line":1165,"loc":{"start":{"line":1165,"column":11},"end":{"line":1165,"column":23}}},"135":{"name":"slice","line":1166,"loc":{"start":{"line":1166,"column":6},"end":{"line":1166,"column":33}}},"136":{"name":"(anonymous_136)","line":1182,"loc":{"start":{"line":1182,"column":11},"end":{"line":1182,"column":23}}},"137":{"name":"some","line":1183,"loc":{"start":{"line":1183,"column":6},"end":{"line":1183,"column":30}}},"138":{"name":"(anonymous_138)","line":1203,"loc":{"start":{"line":1203,"column":11},"end":{"line":1203,"column":23}}},"139":{"name":"someWhere","line":1204,"loc":{"start":{"line":1204,"column":6},"end":{"line":1204,"column":36}}},"140":{"name":"(anonymous_140)","line":1207,"loc":{"start":{"line":1207,"column":36},"end":{"line":1207,"column":52}}},"141":{"name":"(anonymous_141)","line":1224,"loc":{"start":{"line":1224,"column":11},"end":{"line":1224,"column":23}}},"142":{"name":"every","line":1225,"loc":{"start":{"line":1225,"column":6},"end":{"line":1225,"column":31}}},"143":{"name":"(anonymous_143)","line":1242,"loc":{"start":{"line":1242,"column":11},"end":{"line":1242,"column":23}}},"144":{"name":"everyWhere","line":1243,"loc":{"start":{"line":1243,"column":6},"end":{"line":1243,"column":37}}},"145":{"name":"(anonymous_145)","line":1246,"loc":{"start":{"line":1246,"column":37},"end":{"line":1246,"column":53}}},"146":{"name":"(anonymous_146)","line":1265,"loc":{"start":{"line":1265,"column":11},"end":{"line":1265,"column":23}}},"147":{"name":"flatMap","line":1266,"loc":{"start":{"line":1266,"column":6},"end":{"line":1266,"column":27}}},"148":{"name":"(anonymous_148)","line":1269,"loc":{"start":{"line":1269,"column":40},"end":{"line":1269,"column":56}}},"149":{"name":"(anonymous_149)","line":1291,"loc":{"start":{"line":1291,"column":11},"end":{"line":1291,"column":23}}},"150":{"name":"findWhere","line":1292,"loc":{"start":{"line":1292,"column":6},"end":{"line":1292,"column":36}}},"151":{"name":"(anonymous_151)","line":1295,"loc":{"start":{"line":1295,"column":40},"end":{"line":1295,"column":53}}},"152":{"name":"(anonymous_152)","line":1312,"loc":{"start":{"line":1312,"column":11},"end":{"line":1312,"column":23}}},"153":{"name":"get","line":1313,"loc":{"start":{"line":1313,"column":6},"end":{"line":1313,"column":26}}},"154":{"name":"(anonymous_154)","line":1329,"loc":{"start":{"line":1329,"column":11},"end":{"line":1329,"column":23}}},"155":{"name":"at","line":1330,"loc":{"start":{"line":1330,"column":6},"end":{"line":1330,"column":25}}},"156":{"name":"(anonymous_156)","line":1345,"loc":{"start":{"line":1345,"column":11},"end":{"line":1345,"column":23}}},"157":{"name":"first","line":1346,"loc":{"start":{"line":1346,"column":6},"end":{"line":1346,"column":23}}},"158":{"name":"(anonymous_158)","line":1361,"loc":{"start":{"line":1361,"column":11},"end":{"line":1361,"column":23}}},"159":{"name":"last","line":1362,"loc":{"start":{"line":1362,"column":6},"end":{"line":1362,"column":22}}},"160":{"name":"(anonymous_160)","line":1377,"loc":{"start":{"line":1377,"column":11},"end":{"line":1377,"column":23}}},"161":{"name":"isEmpty","line":1378,"loc":{"start":{"line":1378,"column":6},"end":{"line":1378,"column":25}}},"162":{"name":"(anonymous_162)","line":1395,"loc":{"start":{"line":1395,"column":11},"end":{"line":1395,"column":23}}},"163":{"name":"exists","line":1396,"loc":{"start":{"line":1396,"column":6},"end":{"line":1396,"column":24}}},"164":{"name":"(anonymous_164)","line":1414,"loc":{"start":{"line":1414,"column":11},"end":{"line":1414,"column":23}}},"165":{"name":"single","line":1415,"loc":{"start":{"line":1415,"column":6},"end":{"line":1415,"column":32}}},"166":{"name":"(anonymous_166)","line":1437,"loc":{"start":{"line":1437,"column":11},"end":{"line":1437,"column":23}}},"167":{"name":"wrap","line":1438,"loc":{"start":{"line":1438,"column":6},"end":{"line":1438,"column":26}}},"168":{"name":"(anonymous_168)","line":1456,"loc":{"start":{"line":1456,"column":11},"end":{"line":1456,"column":23}}},"169":{"name":"debug","line":1457,"loc":{"start":{"line":1457,"column":6},"end":{"line":1457,"column":23}}},"170":{"name":"(anonymous_170)","line":1473,"loc":{"start":{"line":1473,"column":11},"end":{"line":1473,"column":23}}},"171":{"name":"tap","line":1474,"loc":{"start":{"line":1474,"column":6},"end":{"line":1474,"column":32}}},"172":{"name":"(anonymous_172)","line":1494,"loc":{"start":{"line":1494,"column":11},"end":{"line":1494,"column":23}}},"173":{"name":"detach","line":1495,"loc":{"start":{"line":1495,"column":6},"end":{"line":1495,"column":24}}},"174":{"name":"(anonymous_174)","line":1515,"loc":{"start":{"line":1515,"column":11},"end":{"line":1515,"column":23}}},"175":{"name":"iterator","line":1516,"loc":{"start":{"line":1516,"column":6},"end":{"line":1516,"column":26}}}},"statementMap":{"1":{"start":{"line":1,"column":0},"end":{"line":3,"column":3}},"2":{"start":{"line":5,"column":0},"end":{"line":5,"column":564}},"3":{"start":{"line":5,"column":33},"end":{"line":5,"column":349}},"4":{"start":{"line":5,"column":76},"end":{"line":5,"column":347}},"5":{"start":{"line":5,"column":117},"end":{"line":5,"column":143}},"6":{"start":{"line":5,"column":144},"end":{"line":5,"column":199}},"7":{"start":{"line":5,"column":200},"end":{"line":5,"column":231}},"8":{"start":{"line":5,"column":232},"end":{"line":5,"column":286}},"9":{"start":{"line":5,"column":259},"end":{"line":5,"column":286}},"10":{"start":{"line":5,"column":287},"end":{"line":5,"column":345}},"11":{"start":{"line":5,"column":350},"end":{"line":5,"column":559}},"12":{"start":{"line":5,"column":407},"end":{"line":5,"column":475}},"13":{"start":{"line":5,"column":423},"end":{"line":5,"column":475}},"14":{"start":{"line":5,"column":476},"end":{"line":5,"column":536}},"15":{"start":{"line":5,"column":493},"end":{"line":5,"column":536}},"16":{"start":{"line":5,"column":537},"end":{"line":5,"column":556}},"17":{"start":{"line":7,"column":0},"end":{"line":7,"column":30}},"18":{"start":{"line":9,"column":0},"end":{"line":9,"column":45}},"19":{"start":{"line":11,"column":0},"end":{"line":11,"column":34}},"20":{"start":{"line":13,"column":0},"end":{"line":13,"column":49}},"21":{"start":{"line":15,"column":0},"end":{"line":15,"column":41}},"22":{"start":{"line":17,"column":0},"end":{"line":17,"column":49}},"23":{"start":{"line":19,"column":0},"end":{"line":19,"column":35}},"24":{"start":{"line":21,"column":0},"end":{"line":21,"column":43}},"25":{"start":{"line":23,"column":0},"end":{"line":23,"column":41}},"26":{"start":{"l
[...]
ine":79,"column":24}},"56":{"start":{"line":82,"column":0},"end":{"line":93,"column":1}},"57":{"start":{"line":83,"column":2},"end":{"line":83,"column":87}},"58":{"start":{"line":85,"column":2},"end":{"line":90,"column":3}},"59":{"start":{"line":86,"column":4},"end":{"line":86,"column":114}},"60":{"start":{"line":87,"column":4},"end":{"line":87,"column":95}},"61":{"start":{"line":88,"column":4},"end":{"line":88,"column":111}},"62":{"start":{"line":89,"column":4},"end":{"line":89,"column":51}},"63":{"start":{"line":91,"column":2},"end":{"line":91,"column":58}},"64":{"start":{"line":92,"column":2},"end":{"line":92,"column":48}}},"branchMap":{"1":{"line":5,"type":"binary-expr","locations":[{"start":{"line":5,"column":168},"end":{"line":5,"column":189}},{"start":{"line":5,"column":193},"end":{"line":5,"column":198}}]},"2":{"line":5,"type":"if","locations":[{"start":{"line":5,"column":232},"end":{"line":5,"column":232}},{"start":{"line":5,"column":232},"end":{"line":5,"column":232}}]},"3":{"line":5,"type":"if","locations":[{"start":{"line":5,"column":407},"end":{"line":5,"column":407}},{"start":{"line":5,"column":407},"end":{"line":5,"column":407}}]},"4":{"line":5,"type":"if","locations":[{"start":{"line":5,"column":476},"end":{"line":5,"column":476}},{"start":{"line":5,"column":476},"end":{"line":5,"column":476}}]},"5":{"line":23,"type":"cond-expr","locations":[{"start":{"line":23,"column":70},"end":{"line":23,"column":73}},{"start":{"line":23,"column":76},"end":{"line":23,"column":94}}]},"6":{"line":23,"type":"binary-expr","locations":[{"start":{"line":23,"column":46},"end":{"line":23,"column":49}},{"start":{"line":23,"column":53},"end":{"line":23,"column":67}}]},"7":{"line":25,"type":"if","locations":[{"start":{"line":25,"column":50},"end":{"line":25,"column":50}},{"start":{"line":25,"column":50},"end":{"line":25,"column":50}}]},"8":{"line":27,"type":"if","locations":[{"start":{"line":27,"column":50},"end":{"line":27,"column":50}},{"start":{"line":27,"column":50},"end":{"line":27,"column":50}}]},"9":{"line":27,"type":"cond-expr","locations":[{"start":{"line":27,"column":226},"end":{"line":27,"column":230}},{"start":{"line":27,"column":233},"end":{"line":27,"column":237}}]},"10":{"line":27,"type":"binary-expr","locations":[{"start":{"line":27,"column":159},"end":{"line":27,"column":163}},{"start":{"line":27,"column":168},"end":{"line":27,"column":192}},{"start":{"line":27,"column":196},"end":{"line":27,"column":222}}]},"11":{"line":29,"type":"if","locations":[{"start":{"line":29,"column":43},"end":{"line":29,"column":43}},{"start":{"line":29,"column":43},"end":{"line":29,"column":43}}]},"12":{"line":29,"type":"binary-expr","locations":[{"start":{"line":29,"column":47},"end":{"line":29,"column":79}},{"start":{"line":29,"column":83},"end":{"line":29,"column":102}}]},"13":{"line":29,"type":"binary-expr","locations":[{"start":{"line":29,"column":244},"end":{"line":29,"column":254}},{"start":{"line":29,"column":258},"end":{"line":29,"column":278}}]},"14":{"line":29,"type":"if","locations":[{"start":{"line":29,"column":374},"end":{"line":29,"column":374}},{"start":{"line":29,"column":374},"end":{"line":29,"column":374}}]},"15":{"line":29,"type":"cond-expr","locations":[{"start":{"line":29,"column":414},"end":{"line":29,"column":457}},{"start":{"line":29,"column":460},"end":{"line":29,"column":491}}]},"16":{"line":52,"type":"binary-expr","locations":[{"start":{"line":52,"column":47},"end":{"line":52,"column":71}},{"start":{"line":52,"column":75},"end":{"line":52,"column":112}}]},"17":{"line":83,"type":"cond-expr","locations":[{"start":{"line":83,"column":69},"end":{"line":83,"column":81}},{"start":{"line":83,"column":84},"end":{"line":83,"column":86}}]},"18":{"line":83,"type":"binary-expr","locations":[{"start":{"line":83,"column":16},"end":{"line":83,"column":36}},{"start":{"line":83,"column":40},"end":{"line":83,"column":66}}]},"19":{"line":85,"type":"if","locations":[{"start":{"line":85,"column":2},"end":{"line":85,"column":2}},{"start":{"line":85,"column":2},"end":{"line":85,"column":2}}]},"20":{"line":85,"type":"binary-expr","locations":[{"start":{"line":85,"column":6},"end":{"line":85,"column":21}},{"start":{"line":85,"column":26},"end":{"line":85,"column":48}},{"start":{"line":85,"column":52},"end":{"line":85,"column":77}}]},"21":{"line":86,"type":"binary-expr","locations":[{"start":{"line":86,"column":57},"end":{"line":86,"column":79}},{"start":{"line":86,"column":83},"end":{"line":86,"column":85}}]}},"code":["Object.defineProperty(exports, \"__esModule\", {","  value: true","});","","var _createClass = function () { function defineProperties(target, props) { for (var i = 0; i < props.length; i++) { var descriptor = props[i]; descriptor.enumerable = descriptor.enumerable || false; descriptor.configurable = true; if (\"value\" in descriptor) descriptor.writable = true; Object.defineProperty(target, descriptor.key, descriptor); } } return function (Constructor, protoProps, staticProps) { if (protoProps) defineProperties(Constructor.prototype, protoProps); if (staticProps) defineProperties(Constructor, staticProps); return Constructor; }; }();","","exports['default'] = render;","","var _react = require('react');","","var _react2 = _interopRequireDefault(_react);","","var _object = require('object.assign');","","var _object2 = _interopRequireDefault(_object);","","var _cheerio = require('cheerio');","","var _cheerio2 = _interopRequireDefault(_cheerio);","","var _reactCompat = require('./react-compat');","","function _interopRequireDefault(obj) { return obj && obj.__esModule ? obj : { 'default': obj }; }","","function _classCallCheck(instance, Constructor) { if (!(instance instanceof Constructor)) { throw new TypeError(\"Cannot call a class as a function\"); } }","","function _possibleConstructorReturn(self, call) { if (!self) { throw new ReferenceError(\"this hasn't been initialised - super() hasn't been called\"); } return call && (typeof call === \"object\" || typeof call === \"function\") ? call : self; }","","function _inherits(subClass, superClass) { if (typeof superClass !== \"function\" && superClass !== null) { throw new TypeError(\"Super expression must either be null or a function, not \" + typeof superClass); } subClass.prototype = Object.create(superClass && superClass.prototype, { constructor: { value: subClass, enumerable: false, writable: true, configurable: true } }); if (superClass) Object.setPrototypeOf ? Object.setPrototypeOf(subClass, superClass) : subClass.__proto__ = superClass; }","","/**"," * Renders a react component into static HTML and provides a cheerio wrapper around it. This is"," * somewhat asymmetric with `mount` and `shallow`, which don't use any external libraries, but"," * Cheerio's API is pretty close to what we actually want and has a significant amount of utility"," * that would be recreating the wheel if we didn't use it."," *"," * I think there are a lot of good use cases to use `render` instead of `shallow` or `mount`, and"," * thus I'd like to keep this API in here even though it's not really \"ours\"."," *"," * @param node"," * @param options"," * @returns {Cheerio}"," */","","function createContextWrapperForNode(node, context, childContextTypes) {","  var ContextWrapper = function (_React$Component) {","    _inherits(ContextWrapper, _React$Component);","","    function ContextWrapper() {","      _classCallCheck(this, ContextWrapper);","","      return _possibleConstructorReturn(this, (ContextWrapper.__proto__ || Object.getPrototypeOf(ContextWrapper)).apply(this, arguments));","    }","","    _createClass(ContextWrapper, [{","      key: 'getChildContext',","      value: function () {","        function getChildContext() {","          return context;","        }","","        return getChildContext;","      }()","    }, {","      key: 'render',","      value: function () {","        function render() {","          return node;","        }","","        return render;","      }()","    }]);","","    return ContextWrapper;","  }(_react2['default'].Component);","","  ContextWrapper.childContextTypes = childContextTypes;","  return ContextWrapper;","}","","function render(node) {","  var options = arguments.length > 1 && arguments[1] !== undefined ? arguments[1] : {};","","  if (options.context && (node.type.contextTypes || options.childContextTypes)) {","    var childContextTypes = (0, _object2['default'])({}, node.type.contextTypes || {}, options.childContextTypes);","    var ContextWrapper = createContextWrapperForNode(node, options.context, childContextTypes);","    var _html = (0, _reactCompat.renderToStaticMarkup)(_react2['default'].createElement(ContextWrapper, null));","    return _cheerio2['default'].load(_html).root();","  }","  var html = (0, _reactCompat.renderToStaticMarkup)(node);","  return _cheerio2['default'].load(html).root();","}"],"l":{"1":1,"5":1,"7":1,"9":1,"11":1,"13":1,"15":1,"17":1,"19":1,"21":1,"23":3,"25":1,"27":1,"29":1,"45":1,"46":0,"47":0,"49":1,"50":0,"52":0,"55":0,"58":1,"59":0,"62":0,"67":1,"68":0,"71":0,"75":0,"78":0,"79":0,"82":1,"83":0,"85":0,"86":0,"87":0,"88":0,"89":0,"91":0,"92":0}},"/home/travis/build/npmtest/node-npmtest-enzyme/node_modules/enzyme/ReactWrapper.js":{"path":"/home/travis/build/npmtest/node-npmtest-enzyme/node_modules/enzyme/ReactWrapper.js","s":{"1":1},"b":{},"f":{},"fnMap":{},"statementMap":{"1":{"start":{"line":1,"column":0},"end":{"line":1,"column":57}}},"branchMap":{},"code":["module.exports = require('./build/ReactWrapper').default;",""],"l":{"1":1}},"/home/travis/build/npmtest/node-npmtest-enzyme/node_modules/enzyme/ShallowWrapper.js":{"path":"/home/travis/build/npmtest/node-npmtest-enzyme/node_modules/enzyme/ShallowWrapper.js","s":{"1":1},"b":{},"f":{},"fnMap":{},"statementMap":{"1":{"start":{"line":1,"column":0},"end":{"line":1,"column":59}}},"branchMap":{},"code":["module.exports = require('./build/ShallowWrapper').default;",""],"l":{"1":1}},"/home/travis/build/npmtest/node-npmtest-enzyme/node_modules/enzyme/karma.conf.js":{"path":"/home/travis/build/npmtest/node-npmtest-enzyme/node_modules/enzyme/karma.conf.js","s":{"1":2,"2":0,"3":0,"4":0,"5":1,"6":0,"7":0,"8":0,"9":0,"10":0,"11":0,"12":0,"13":0,"14":0,"15":0,"16":0,"17":0,"18":0,"19":0,"20":0,"21":0},"b":{"1":[0,0],"2":[0,0],"3":[0,0],"4":[0,0],"5":[0,0],"6":[0,0]},"f":{"1":0,"2":0},"fnMap":{"1":{"name":"getPlugins","line":9,"loc":{"start":{"line":9,"column":0},"end":{"line":9,"column":22}}},"2":{"name":"karma","line":38,"loc":{"start":{"line":38,"column":17},"end":{"line":38,"column":40}}}},"statementMap":{"1":{"start":{"line":3,"column":0},"end":{"line":3,"column":26}},"2":{"start":{"line":5,"column":0},"end":{"line":5,"column":51}},"3":{"start":{"line":6,"column":0},"end":{"line":6,"column":49}},"4":{"start":{"line":7,"column":0},"end":{"line":7,"column":49}},"5":{"start":{"line":9,"column":0},"end":{"line":36,"column":1}},"6":{"start":{"line":10,"column":2},"end":{"line":10,"column":19}},"7":{"start":{"line":18,"column":2},"end":{"line":22,"column":3}},"8":{"start":{"line":19,"column":4},"end":{"line":19,"column":71}},"9":{"start":{"line":20,"column":4},"end":{"line":20,"column":63}},"10":{"start":{"line":21,"column":4},"end":{"line":21,"column":52}},"11":{"start":{"line":23,"column":2},"end":{"line":25,"column":3}},"12":{"start":{"line":24,"column":4},"end":{"line":24,"column":48}},"13":{"start":{"line":26,"column":2},"end":{"line":28,"column":3}},"14":{"start":{"line":27,"column":4},"end":{"line":27,"column":62}},"15":{"start":{"line":29,"column":2},"end":{"line":33,"column":3}},"16":{"start":{"line":30,"column":4},"end":{"line":30,"column":58}},"17":{"start":{"line":31,"column":4},"end":{"line":31,"column":60}},"18":{"start":{"line":32,"column":4},"end":{"line":32,"column":57}},"19":{"start":{"line":35,"column":2},"end":{"line":35,"column":17}},"20":{"start":{"line":38,"column":0},"end":{"line":111,"column":2}},"21":{"start":{"line":39,"column":2},"end":{"line":110,"column":5}}},"branchMap":{"1":{"line":18,"type":"if","locations":[{"start":{"line":18,"column":2},"end":{"line":18,"column":2}},{"start":{"line":18,"column":2},"end":{"line":18,"column":2}}]},"2":{"line":23,"type":"if","locations":[{"start":{"line":23,"column":2},"end":{"line":23,"column":2}},{"start":{"line":23,"column":2},"end":{"line":23,"column":2}}]},"3":{"line":26,"type":"if","locations":[{"start":{"line":26,"column":2},"end":{"line":26,"column":2}},{"start":{"line":26,"column":2},"end":{"line":26,"column":2}}]},"4":{"line":26,"type":"binary-expr","locations":[{"start":{"line":26,"column":6},"end":{"line":26,"column":14}},{"start":{"line":26,"column":18},"end":{"line":26,"column":26}}]},"5":{"line":29,"type":"if","locations":[{"start":{"line":29,"column":2},"end":{"line":29,"column":2}},{"start":{"line":29,"column":2},"end":{"line":29,"column":2}}]},"6":{"line":70,"type":"cond-expr","locations":[{"start":{"line":70,"column":27},"end":{"line":70,"column":42}},{"start":{"line":70,"column":45},"end":{"line":70,"column":53}}]}},"code":["/* eslint-disable no-var,prefer-arrow-callback,vars-on-top */","","require('babel-register');","","var IgnorePlugin = require('webpack').IgnorePlugin;","var REACT013 = require('./src/version').REACT013;","var REACT155 = require('./src/version').REACT155;","","function getPlugins() {","  var plugins = [];","","  /*","  this list of conditional IgnorePlugins mirrors the conditional","  requires in src/react-compat.js and exists to avoid error","  output from the webpack compilation","  */","","  if (!REACT013) {","    plugins.push(new IgnorePlugin(/react\\/lib\\/ExecutionEnvironment/));","    plugins.push(new IgnorePlugin(/react\\/lib\\/ReactContext/));","    plugins.push(new IgnorePlugin(/react\\/addons/));","  }","  if (REACT013) {","    plugins.push(new IgnorePlugin(/react-dom/));","  }","  if (REACT013 || REACT155) {","    plugins.push(new IgnorePlugin(/react-addons-test-utils/));","  }","  if (!REACT155) {","    plugins.push(new IgnorePlugin(/react-test-renderer/));","    plugins.push(new IgnorePlugin(/react-dom\\/test-utils/));","    plugins.push(new IgnorePlugin(/create-react-class/));","  }","","  return plugins;","}","","module.exports = function karma(config) {","  config.set({","    basePath: '.',","","    plugins: [","      'karma-chrome-launcher',","      'karma-firefox-launcher',","      'karma-mocha',","      'karma-webpack',","      'karma-sourcemap-loader',","    ],","","    customLaunchers: {","      Chrome_travis: {","        base: 'Chrome',","        flags: ['--no-sandbox'],","      },","    },","","    frameworks: ['mocha'],","","    reporters: ['dots'],","","    files: [","      'test/*.{jsx,js}',","    ],","","    exclude: [","      'test/_helpers/index.jsx',","    ],","","    browsers: [","      process.env.TRAVIS ? 'Chrome_travis' : 'Chrome',","      'Firefox',","    ],","","    preprocessors: {","      'test/*.{jsx,js}': ['webpack', 'sourcemap'],","    },","","    webpack: {","      devtool: 'inline-source-map',","      resolve: {","        extensions: ['', '.js', '.jsx', '.json'],","        alias: {","          // dynamic require calls in sinon confuse webpack so we ignore it","          sinon: 'sinon/pkg/sinon',","        },","      },","      module: {","        noParse: [","          // dynamic require calls in sinon confuse webpack so we ignore it","          /node_modules\\/sinon\\//,","        ],","        loaders: [","          {","            test: /\\.jsx?$/,","            exclude: /node_modules/,","            loader: 'babel-loader',","          },","          {","            test: /\\.json$/,","            loader: 'json-loader',","          },","        ],","      },","      plugins: getPlugins(),","    },","","    webpackServer: {","      noInfo: true,","    },","  });","};",""],"l":{"3":2,"5":0,"6":0,"7":0,"9":1,"10":0,"18":0,"19":0,"20":0,"21":0,"23":0,"24":0,"26":0,"27":0,"29":0,"30":0,"31":0,"32":0,"35":0,"38":0,"39":0}},"/home/travis/build/npmtest/node-npmtest-enzyme/node_modules/enzyme/mount.js":{"path":"/home/travis/build/npmtest/node-npmtest-enzyme/node_modules/enzyme/mount.js","s":{"1":1},"b":{},"f":{},"fnMap":{},"statementMap":{"1":{"start":{"line":1,"column":0},"end":{"line":1,"column":50}}},"branchMap":{},"code":["module.exports = require('./build/mount').default;",""],"l":{"1":1}},"/home/travis/build/npmtest/node-npmtest-enzyme/node_modules/enzyme/render.js":{"path":"/home/travis/build/npmtest/node-npmtest-enzyme/node_modules/enzyme/render.js","s":{"1":1},"b":{},"f":{},"fnMap":{},"statementMap":{"1":{"start":{"line":1,"column":0},"end":{"line":1,"column":51}}},"branchMap":{},"code":["module.exports = require('./build/render').default;",""],"l":{"1":1}},"/home/travis/build/npmtest/node-npmtest-enzyme/node_modules/enzyme/shallow.js":{"path":"/home/travis/build/npmtest/node-npmtest-enzyme/node_modules/enzyme/shallow.js","s":{"1":1},"b":{},"f":{},"fnMap":{},"statementMap":{"1":{"start":{"line":1,"column":0},"end":{"line":1,"column":52}}},"branchMap":{},"code":["module.exports = require('./build/shallow').default;",""],"l":{"1":1}},"/home/travis/build/npmtest/node-npmtest-enzyme/node_modules/enzyme/withDom.js":{"path":"/home/travis/build/npmtest/node-npmtest-enzyme/node_modules/enzyme/withDom.js","s":{"1":1,"2":1,"3":1,"4":0,"5":0,"6":0,"7":0,"8":0,"9":0,"10":1,"11":1,"12":1,"13":1,"14":0},"b":{"1":[1,0],"2":[0,0],"3":[1,0],"4":[0,0]},"f":{},"fnMap":{},"statementMap":{"1":{"start":{"line":1,"column":0},"end":{"line":26,"column":1}},"2":{"start":{"line":2,"column":2},"end":{"line":25,"column":3}},"3":{"start":{"line":3,"column":4},"end":{"line":3,"column":41}},"4":{"start":{"line":5,"column":4},"end":{"line":5,"column":32}},"5":{"start":{"line":6,"column":4},"end":{"line":6,"column":41}},"6":{"start":{"line":7,"column":4},"end":{"line":11,"column":7}},"7":{"start":{"line":8,"column":6},"end":{"line":10,"column":7}},"8":{"start":{"line":9,"column":8},"end":{"line":9,"column":58}},"9":{"start":{"line":13,"column":4},"end":{"line":15,"column":6}},"10":{"start":{"line":18,"column":4},"end":{"line":24,"column":5}},"11":{"start":{"line":19,"column":6},"end":{"line":19,"column":79}},"12":{"start":{"line":20,"column":6},"end":{"line":20,"column":66}},"13":{"start":{"line":21,"column":6},"end":{"line":21,"column":71}},"14":{"start":{"line":23,"column":6},"end":{"line":23,"column":66}}},"branchMap":{"1":{"line":1,"type":"if","locations":[{"start":{"line":1,"column":0},"end":{"line":1,"column":0}},{"start":{"line":1,"column":0},"end":{"line":1,"column":0}}]},"2":{"line":8,"type":"if","locations":[{"start":{"line":8,"column":6},"end":{"line":8,"column":6}},{"start":{"line":8,"column":6},"end":{"line":8,"column":6}}]},"3":{"line":18,"type":"if","locations":[{"start":{"line":18,"column":4},"end":{"line":18,"column":4}},{"start":{"line":18,"column":4},"end":{"line":18,"column":4}}]},"4":{"line":23,"type":"binary-expr","locations":[{"start":{"line":23,"column":43},"end":{"line":23,"column":50}},{"start":{"line":23,"column":54},"end":{"line":23,"column":63}}]}},"code":["if (!global.document) {","  try {","    const jsdom = require('jsdom').jsdom; // could throw","","    global.document = jsdom('');","    global.window = document.defaultView;","    Object.keys(document.defaultView).forEach((property) => {","      if (typeof global[property] === 'undefined') {","        global[property] = document.defaultView[property];","      }","    });","","    global.navigator = {","      userAgent: 'node.js',","    };","  } catch (e) {","    // jsdom is not supported...","    if (e.message === \"Cannot find module 'jsdom'\") {","      console.error('[enzyme/withDom] Error: missing required module \"jsdom\"');","      console.error('[enzyme/withDom] To fix this you must run:');","      console.error('[enzyme/withDom]   npm install jsdom --save-dev');","    } else {","      console.error('[enzyme withDom] ' + (e.stack || e.message));","    }","  }","}",""],"l":{"1":1,"2":1,"3":1,"5":0,"6":0,"7":0,"8":0,"9":0,"13":0,"18":1,"19":1,"20":1,"21":1,"23":0}}}